#
# There is insufficient memory for the Java Runtime Environment to continue.
# Native memory allocation (malloc) failed to allocate 414096 bytes for Chunk::new
# Possible reasons:
#   The system is out of physical RAM or swap space
#   The process is running with CompressedOops enabled, and the Java Heap may be blocking the growth of the native heap
# Possible solutions:
#   Reduce memory load on the system
#   Increase physical memory or swap space
#   Check if swap backing store is full
#   Decrease Java heap size (-Xmx/-Xms)
#   Decrease number of Java threads
#   Decrease Java thread stack sizes (-Xss)
#   Set larger code cache with -XX:ReservedCodeCacheSize=
#   JVM is running with Unscaled Compressed Oops mode in which the Java heap is
#     placed in the first 4GB address space. The Java Heap base address is the
#     maximum limit for the native heap growth. Please use -XX:HeapBaseMinAddress
#     to set the Java Heap base and to place the Java Heap above 4GB virtual address.
# This output file may be truncated or incomplete.
#
#  Out of Memory Error (arena.cpp:189), pid=4224, tid=5672
#
# JRE version: Java(TM) SE Runtime Environment (17.0.5+9) (build 17.0.5+9-LTS-191)
# Java VM: Java HotSpot(TM) 64-Bit Server VM (17.0.5+9-LTS-191, mixed mode, sharing, tiered, compressed oops, compressed class ptrs, g1 gc, windows-amd64)
# No core dump will be written. Minidumps are not enabled by default on client versions of Windows
#

---------------  S U M M A R Y ------------

Command Line: -Dfile.encoding=UTF-8 -XX:+ShowCodeDetailsInExceptionMessages com.in28minutes.microservices.apigateway.ApiGatewayApplication

Host: Intel(R) Core(TM) i3 CPU       M 370  @ 2.40GHz, 4 cores, 2G,  Windows 10 , 64 bit Build 19041 (10.0.19041.3155)
Time: Fri Aug 18 15:14:46 2023 India Standard Time elapsed time: 194.329043 seconds (0d 0h 3m 14s)

---------------  T H R E A D  ---------------

Current thread (0x000002c075243010):  JavaThread "C2 CompilerThread0" daemon [_thread_in_native, id=5672, stack(0x000000eb7b200000,0x000000eb7b300000)]


Current CompileTask:
C2: 194333 6327       4       java.util.TreeMap::put (221 bytes)

Stack: [0x000000eb7b200000,0x000000eb7b300000]
Native frames: (J=compiled Java code, j=interpreted, Vv=VM code, C=native code)
V  [jvm.dll+0x672eea]
V  [jvm.dll+0x7d2a04]
V  [jvm.dll+0x7d41ae]
V  [jvm.dll+0x7d4813]
V  [jvm.dll+0x242c15]
V  [jvm.dll+0xaa57b]
V  [jvm.dll+0xaab0c]
V  [jvm.dll+0x2a997f]
V  [jvm.dll+0x57b307]
V  [jvm.dll+0x21de72]
V  [jvm.dll+0x21737f]
V  [jvm.dll+0x214fdb]
V  [jvm.dll+0x1a18ed]
V  [jvm.dll+0x22493a]
V  [jvm.dll+0x222aa5]
V  [jvm.dll+0x7885db]
V  [jvm.dll+0x782b4a]
V  [jvm.dll+0x671d75]
C  [ucrtbase.dll+0x21bb2]
C  [KERNEL32.DLL+0x17614]
C  [ntdll.dll+0x526b1]


---------------  P R O C E S S  ---------------

Threads class SMR info:
_java_thread_list=0x000002c013d756a0, length=37, elements={
0x000002c07522add0, 0x000002c07522d8a0, 0x000002c07523c810, 0x000002c07523d1d0,
0x000002c07523faa0, 0x000002c075242370, 0x000002c075243010, 0x000002c07fcc5250,
0x000002c07fcc5760, 0x000002c0125a0180, 0x000002c07fd3d6a0, 0x000002c0139d9240,
0x000002c0139d9710, 0x000002c0139da0b0, 0x000002c0139da580, 0x000002c013928880,
0x000002c013925390, 0x000002c013927ee0, 0x000002c01392b3d0, 0x000002c013929bc0,
0x000002c01392af00, 0x000002c0139266d0, 0x000002c01392c710, 0x000002c01392b8a0,
0x000002c013926ba0, 0x000002c013927070, 0x000002c01392bd70, 0x000002c013928d50,
0x000002c013927540, 0x000002c013927a10, 0x000002c013925d30, 0x000002c013929220,
0x000002c01392c240, 0x000002c0139283b0, 0x000002c013924ec0, 0x000002c013925860,
0x000002c0139296f0
}

Java Threads: ( => current thread )
  0x000002c07522add0 JavaThread "Reference Handler" daemon [_thread_blocked, id=15264, stack(0x000000eb7ac00000,0x000000eb7ad00000)]
  0x000002c07522d8a0 JavaThread "Finalizer" daemon [_thread_blocked, id=1328, stack(0x000000eb7ad00000,0x000000eb7ae00000)]
  0x000002c07523c810 JavaThread "Signal Dispatcher" daemon [_thread_blocked, id=13752, stack(0x000000eb7ae00000,0x000000eb7af00000)]
  0x000002c07523d1d0 JavaThread "Attach Listener" daemon [_thread_blocked, id=10044, stack(0x000000eb7af00000,0x000000eb7b000000)]
  0x000002c07523faa0 JavaThread "Service Thread" daemon [_thread_blocked, id=10840, stack(0x000000eb7b000000,0x000000eb7b100000)]
  0x000002c075242370 JavaThread "Monitor Deflation Thread" daemon [_thread_blocked, id=1132, stack(0x000000eb7b100000,0x000000eb7b200000)]
=>0x000002c075243010 JavaThread "C2 CompilerThread0" daemon [_thread_in_native, id=5672, stack(0x000000eb7b200000,0x000000eb7b300000)]
  0x000002c07fcc5250 JavaThread "C1 CompilerThread0" daemon [_thread_blocked, id=13456, stack(0x000000eb7b300000,0x000000eb7b400000)]
  0x000002c07fcc5760 JavaThread "Sweeper thread" daemon [_thread_blocked, id=5368, stack(0x000000eb7b400000,0x000000eb7b500000)]
  0x000002c0125a0180 JavaThread "Notification Thread" daemon [_thread_blocked, id=6060, stack(0x000000eb7b500000,0x000000eb7b600000)]
  0x000002c07fd3d6a0 JavaThread "Common-Cleaner" daemon [_thread_blocked, id=1412, stack(0x000000eb7b700000,0x000000eb7b800000)]
  0x000002c0139d9240 JavaThread "Catalina-utility-1" [_thread_blocked, id=15052, stack(0x000000eb7bd00000,0x000000eb7be00000)]
  0x000002c0139d9710 JavaThread "Catalina-utility-2" [_thread_blocked, id=15048, stack(0x000000eb7be00000,0x000000eb7bf00000)]
  0x000002c0139da0b0 JavaThread "container-0" [_thread_blocked, id=15056, stack(0x000000eb7bf00000,0x000000eb7c000000)]
  0x000002c0139da580 JavaThread "spring.cloud.inetutils" daemon [_thread_blocked, id=14304, stack(0x000000eb7c000000,0x000000eb7c100000)]
  0x000002c013928880 JavaThread "boundedElastic-evictor-1" daemon [_thread_blocked, id=10452, stack(0x000000eb7c100000,0x000000eb7c200000)]
  0x000002c013925390 JavaThread "BatchSpanProcessor_WorkerThread-1" daemon [_thread_blocked, id=12244, stack(0x000000eb7c200000,0x000000eb7c300000)]
  0x000002c013927ee0 JavaThread "File Watcher" daemon [_thread_blocked, id=4528, stack(0x000000eb7c300000,0x000000eb7c400000)]
  0x000002c01392b3d0 JavaThread "AsyncResolver-bootstrap-0" daemon [_thread_blocked, id=12048, stack(0x000000eb7c400000,0x000000eb7c500000)]
  0x000002c013929bc0 JavaThread "DiscoveryClient-0" daemon [_thread_blocked, id=15012, stack(0x000000eb7c600000,0x000000eb7c700000)]
  0x000002c01392af00 JavaThread "DiscoveryClient-1" daemon [_thread_blocked, id=5408, stack(0x000000eb7c700000,0x000000eb7c800000)]
  0x000002c0139266d0 JavaThread "DiscoveryClient-InstanceInfoReplicator-0" daemon [_thread_blocked, id=9340, stack(0x000000eb7c800000,0x000000eb7c900000)]
  0x000002c01392c710 JavaThread "http-nio-8765-exec-1" daemon [_thread_blocked, id=11816, stack(0x000000eb7c900000,0x000000eb7ca00000)]
  0x000002c01392b8a0 JavaThread "http-nio-8765-exec-2" daemon [_thread_blocked, id=7068, stack(0x000000eb7ca00000,0x000000eb7cb00000)]
  0x000002c013926ba0 JavaThread "http-nio-8765-exec-3" daemon [_thread_blocked, id=8132, stack(0x000000eb7cb00000,0x000000eb7cc00000)]
  0x000002c013927070 JavaThread "http-nio-8765-exec-4" daemon [_thread_blocked, id=11972, stack(0x000000eb7cc00000,0x000000eb7cd00000)]
  0x000002c01392bd70 JavaThread "http-nio-8765-exec-5" daemon [_thread_blocked, id=2268, stack(0x000000eb7cd00000,0x000000eb7ce00000)]
  0x000002c013928d50 JavaThread "http-nio-8765-exec-6" daemon [_thread_blocked, id=12176, stack(0x000000eb7ce00000,0x000000eb7cf00000)]
  0x000002c013927540 JavaThread "http-nio-8765-exec-7" daemon [_thread_blocked, id=4932, stack(0x000000eb7cf00000,0x000000eb7d000000)]
  0x000002c013927a10 JavaThread "http-nio-8765-exec-8" daemon [_thread_blocked, id=10820, stack(0x000000eb7d000000,0x000000eb7d100000)]
  0x000002c013925d30 JavaThread "http-nio-8765-exec-9" daemon [_thread_blocked, id=9844, stack(0x000000eb7d100000,0x000000eb7d200000)]
  0x000002c013929220 JavaThread "http-nio-8765-exec-10" daemon [_thread_blocked, id=13732, stack(0x000000eb7d200000,0x000000eb7d300000)]
  0x000002c01392c240 JavaThread "http-nio-8765-Poller" daemon [_thread_in_native, id=11344, stack(0x000000eb7d300000,0x000000eb7d400000)]
  0x000002c0139283b0 JavaThread "http-nio-8765-Acceptor" daemon [_thread_in_native, id=2712, stack(0x000000eb7d400000,0x000000eb7d500000)]
  0x000002c013924ec0 JavaThread "DestroyJavaVM" [_thread_blocked, id=7052, stack(0x000000eb7a500000,0x000000eb7a600000)]
  0x000002c013925860 JavaThread "DiscoveryClient-HeartbeatExecutor-0" daemon [_thread_blocked, id=15004, stack(0x000000eb7d500000,0x000000eb7d600000)]
  0x000002c0139296f0 JavaThread "DiscoveryClient-CacheRefreshExecutor-0" daemon [_thread_blocked, id=10780, stack(0x000000eb7d600000,0x000000eb7d700000)]

Other Threads:
  0x000002c075225410 VMThread "VM Thread" [stack: 0x000000eb7ab00000,0x000000eb7ac00000] [id=7908]
  0x000002c0751ccb70 WatcherThread [stack: 0x000000eb7b600000,0x000000eb7b700000] [id=14004]
  0x000002c0751bd680 GCTaskThread "GC Thread#0" [stack: 0x000000eb7a600000,0x000000eb7a700000] [id=1256]
  0x000002c012edca40 GCTaskThread "GC Thread#1" [stack: 0x000000eb7b800000,0x000000eb7b900000] [id=5736]
  0x000002c012f7c550 GCTaskThread "GC Thread#2" [stack: 0x000000eb7b900000,0x000000eb7ba00000] [id=15304]
  0x000002c013420830 GCTaskThread "GC Thread#3" [stack: 0x000000eb7ba00000,0x000000eb7bb00000] [id=12624]
  0x000002c0751c5440 ConcurrentGCThread "G1 Main Marker" [stack: 0x000000eb7a700000,0x000000eb7a800000] [id=13164]
  0x000002c0751c5d60 ConcurrentGCThread "G1 Conc#0" [stack: 0x000000eb7a800000,0x000000eb7a900000] [id=11780]
  0x000002c075202420 ConcurrentGCThread "G1 Refine#0" [stack: 0x000000eb7a900000,0x000000eb7aa00000] [id=4776]
  0x000002c075203d60 ConcurrentGCThread "G1 Service" [stack: 0x000000eb7aa00000,0x000000eb7ab00000] [id=6452]

Threads with active compile tasks:
C2 CompilerThread0   194783 6327       4       java.util.TreeMap::put (221 bytes)

VM state: not at safepoint (normal execution)

VM Mutex/Monitor currently owned by a thread: None

Heap address: 0x00000000d4200000, size: 702 MB, Compressed Oops mode: 32-bit

CDS archive(s) mapped at: [0x0000000800000000-0x0000000800bd0000-0x0000000800bd0000), size 12386304, SharedBaseAddress: 0x0000000800000000, ArchiveRelocationMode: 0.
Compressed class space mapped at: 0x0000000800c00000-0x0000000840c00000, reserved size: 1073741824
Narrow klass base: 0x0000000800000000, Narrow klass shift: 0, Narrow klass range: 0x100000000

GC Precious Log:
 CPUs: 4 total, 4 available
 Memory: 2806M
 Large Page Support: Disabled
 NUMA Support: Disabled
 Compressed Oops: Enabled (32-bit)
 Heap Region Size: 1M
 Heap Min Capacity: 8M
 Heap Initial Capacity: 44M
 Heap Max Capacity: 702M
 Pre-touch: Disabled
 Parallel Workers: 4
 Concurrent Workers: 1
 Concurrent Refinement Workers: 4
 Periodic GC: Disabled

Heap:
 garbage-first heap   total 56320K, used 35451K [0x00000000d4200000, 0x0000000100000000)
  region size 1024K, 4 young (4096K), 1 survivors (1024K)
 Metaspace       used 52616K, committed 53056K, reserved 1097728K
  class space    used 7008K, committed 7232K, reserved 1048576K

Heap Regions: E=young(eden), S=young(survivor), O=old, HS=humongous(starts), HC=humongous(continues), CS=collection set, F=free, OA=open archive, CA=closed archive, TAMS=top-at-mark-start (previous, next)
|   0|0x00000000d4200000, 0x00000000d4300000, 0x00000000d4300000|100%| O|  |TAMS 0x00000000d4300000, 0x00000000d4200000| Untracked 
|   1|0x00000000d4300000, 0x00000000d4400000, 0x00000000d4400000|100%| O|  |TAMS 0x00000000d4400000, 0x00000000d4300000| Untracked 
|   2|0x00000000d4400000, 0x00000000d4500000, 0x00000000d4500000|100%| O|  |TAMS 0x00000000d4500000, 0x00000000d4400000| Untracked 
|   3|0x00000000d4500000, 0x00000000d4600000, 0x00000000d4600000|100%| O|  |TAMS 0x00000000d4600000, 0x00000000d4500000| Untracked 
|   4|0x00000000d4600000, 0x00000000d4700000, 0x00000000d4700000|100%| O|  |TAMS 0x00000000d4700000, 0x00000000d4600000| Untracked 
|   5|0x00000000d4700000, 0x00000000d4800000, 0x00000000d4800000|100%| O|  |TAMS 0x00000000d4800000, 0x00000000d4700000| Untracked 
|   6|0x00000000d4800000, 0x00000000d4900000, 0x00000000d4900000|100%| O|  |TAMS 0x00000000d4900000, 0x00000000d4800000| Untracked 
|   7|0x00000000d4900000, 0x00000000d4a00000, 0x00000000d4a00000|100%| O|  |TAMS 0x00000000d4a00000, 0x00000000d4900000| Untracked 
|   8|0x00000000d4a00000, 0x00000000d4b00000, 0x00000000d4b00000|100%| O|  |TAMS 0x00000000d4b00000, 0x00000000d4a00000| Untracked 
|   9|0x00000000d4b00000, 0x00000000d4c00000, 0x00000000d4c00000|100%| O|  |TAMS 0x00000000d4c00000, 0x00000000d4b00000| Untracked 
|  10|0x00000000d4c00000, 0x00000000d4d00000, 0x00000000d4d00000|100%| O|  |TAMS 0x00000000d4d00000, 0x00000000d4c00000| Untracked 
|  11|0x00000000d4d00000, 0x00000000d4e00000, 0x00000000d4e00000|100%| O|  |TAMS 0x00000000d4e00000, 0x00000000d4d00000| Untracked 
|  12|0x00000000d4e00000, 0x00000000d4f00000, 0x00000000d4f00000|100%| O|  |TAMS 0x00000000d4f00000, 0x00000000d4e00000| Untracked 
|  13|0x00000000d4f00000, 0x00000000d5000000, 0x00000000d5000000|100%| O|  |TAMS 0x00000000d5000000, 0x00000000d4f00000| Untracked 
|  14|0x00000000d5000000, 0x00000000d5000000, 0x00000000d5100000|  0%| F|  |TAMS 0x00000000d5000000, 0x00000000d5000000| Untracked 
|  15|0x00000000d5100000, 0x00000000d5200000, 0x00000000d5200000|100%| O|  |TAMS 0x00000000d5200000, 0x00000000d5100000| Untracked 
|  16|0x00000000d5200000, 0x00000000d5300000, 0x00000000d5300000|100%| O|  |TAMS 0x00000000d5300000, 0x00000000d5200000| Untracked 
|  17|0x00000000d5300000, 0x00000000d5400000, 0x00000000d5400000|100%| O|  |TAMS 0x00000000d5400000, 0x00000000d5300000| Untracked 
|  18|0x00000000d5400000, 0x00000000d5500000, 0x00000000d5500000|100%| O|  |TAMS 0x00000000d5500000, 0x00000000d5400000| Untracked 
|  19|0x00000000d5500000, 0x00000000d5600000, 0x00000000d5600000|100%| O|  |TAMS 0x00000000d5600000, 0x00000000d5500000| Untracked 
|  20|0x00000000d5600000, 0x00000000d5700000, 0x00000000d5700000|100%| O|  |TAMS 0x00000000d5700000, 0x00000000d5600000| Untracked 
|  21|0x00000000d5700000, 0x00000000d5800000, 0x00000000d5800000|100%| O|  |TAMS 0x00000000d5800000, 0x00000000d5700000| Untracked 
|  22|0x00000000d5800000, 0x00000000d5900000, 0x00000000d5900000|100%| O|  |TAMS 0x00000000d5900000, 0x00000000d5800000| Untracked 
|  23|0x00000000d5900000, 0x00000000d5a00000, 0x00000000d5a00000|100%| O|  |TAMS 0x00000000d5a00000, 0x00000000d5900000| Untracked 
|  24|0x00000000d5a00000, 0x00000000d5b00000, 0x00000000d5b00000|100%| O|  |TAMS 0x00000000d5b00000, 0x00000000d5a00000| Untracked 
|  25|0x00000000d5b00000, 0x00000000d5c00000, 0x00000000d5c00000|100%| O|  |TAMS 0x00000000d5c00000, 0x00000000d5b00000| Untracked 
|  26|0x00000000d5c00000, 0x00000000d5d00000, 0x00000000d5d00000|100%| O|  |TAMS 0x00000000d5cad000, 0x00000000d5c00000| Untracked 
|  27|0x00000000d5d00000, 0x00000000d5e00000, 0x00000000d5e00000|100%| O|  |TAMS 0x00000000d5d00000, 0x00000000d5d00000| Untracked 
|  28|0x00000000d5e00000, 0x00000000d5f00000, 0x00000000d5f00000|100%| O|  |TAMS 0x00000000d5e00000, 0x00000000d5e00000| Untracked 
|  29|0x00000000d5f00000, 0x00000000d6000000, 0x00000000d6000000|100%| O|  |TAMS 0x00000000d5f00000, 0x00000000d5f00000| Untracked 
|  30|0x00000000d6000000, 0x00000000d6100000, 0x00000000d6100000|100%| O|  |TAMS 0x00000000d6000000, 0x00000000d6000000| Untracked 
|  31|0x00000000d6100000, 0x00000000d6200000, 0x00000000d6200000|100%| O|  |TAMS 0x00000000d6100000, 0x00000000d6100000| Untracked 
|  32|0x00000000d6200000, 0x00000000d6300000, 0x00000000d6300000|100%| O|  |TAMS 0x00000000d6200000, 0x00000000d6200000| Untracked 
|  33|0x00000000d6300000, 0x00000000d6345000, 0x00000000d6400000| 26%| O|  |TAMS 0x00000000d6300000, 0x00000000d6300000| Untracked 
|  34|0x00000000d6400000, 0x00000000d6400000, 0x00000000d6500000|  0%| F|  |TAMS 0x00000000d6400000, 0x00000000d6400000| Untracked 
|  35|0x00000000d6500000, 0x00000000d6500000, 0x00000000d6600000|  0%| F|  |TAMS 0x00000000d6500000, 0x00000000d6500000| Untracked 
|  36|0x00000000d6600000, 0x00000000d6600000, 0x00000000d6700000|  0%| F|  |TAMS 0x00000000d6600000, 0x00000000d6600000| Untracked 
|  37|0x00000000d6700000, 0x00000000d6700000, 0x00000000d6800000|  0%| F|  |TAMS 0x00000000d6700000, 0x00000000d6700000| Untracked 
|  38|0x00000000d6800000, 0x00000000d6800000, 0x00000000d6900000|  0%| F|  |TAMS 0x00000000d6800000, 0x00000000d6800000| Untracked 
|  39|0x00000000d6900000, 0x00000000d6900000, 0x00000000d6a00000|  0%| F|  |TAMS 0x00000000d6900000, 0x00000000d6900000| Untracked 
|  40|0x00000000d6a00000, 0x00000000d6a00000, 0x00000000d6b00000|  0%| F|  |TAMS 0x00000000d6a00000, 0x00000000d6a00000| Untracked 
|  41|0x00000000d6b00000, 0x00000000d6b00000, 0x00000000d6c00000|  0%| F|  |TAMS 0x00000000d6b00000, 0x00000000d6b00000| Untracked 
|  42|0x00000000d6c00000, 0x00000000d6c00000, 0x00000000d6d00000|  0%| F|  |TAMS 0x00000000d6c00000, 0x00000000d6c00000| Untracked 
|  43|0x00000000d6d00000, 0x00000000d6d00000, 0x00000000d6e00000|  0%| F|  |TAMS 0x00000000d6d00000, 0x00000000d6d00000| Untracked 
|  44|0x00000000d6e00000, 0x00000000d6e00000, 0x00000000d6f00000|  0%| F|  |TAMS 0x00000000d6e00000, 0x00000000d6e00000| Untracked 
|  45|0x00000000d6f00000, 0x00000000d6f00000, 0x00000000d7000000|  0%| F|  |TAMS 0x00000000d6f00000, 0x00000000d6f00000| Untracked 
|  46|0x00000000d7000000, 0x00000000d7000000, 0x00000000d7100000|  0%| F|  |TAMS 0x00000000d7000000, 0x00000000d7000000| Untracked 
|  47|0x00000000d7100000, 0x00000000d7100000, 0x00000000d7200000|  0%| F|  |TAMS 0x00000000d7100000, 0x00000000d7100000| Untracked 
|  48|0x00000000d7200000, 0x00000000d7200000, 0x00000000d7300000|  0%| F|  |TAMS 0x00000000d7200000, 0x00000000d7200000| Untracked 
|  49|0x00000000d7300000, 0x00000000d7300000, 0x00000000d7400000|  0%| F|  |TAMS 0x00000000d7300000, 0x00000000d7300000| Untracked 
|  50|0x00000000d7400000, 0x00000000d7400000, 0x00000000d7500000|  0%| F|  |TAMS 0x00000000d7400000, 0x00000000d7400000| Untracked 
|  51|0x00000000d7500000, 0x00000000d75f8158, 0x00000000d7600000| 96%| E|  |TAMS 0x00000000d7500000, 0x00000000d7500000| Complete 
|  52|0x00000000d7600000, 0x00000000d7700000, 0x00000000d7700000|100%| E|CS|TAMS 0x00000000d7600000, 0x00000000d7600000| Complete 
|  53|0x00000000d7700000, 0x00000000d7759d60, 0x00000000d7800000| 35%| S|CS|TAMS 0x00000000d7700000, 0x00000000d7700000| Complete 
|  54|0x00000000d7800000, 0x00000000d7900000, 0x00000000d7900000|100%| E|CS|TAMS 0x00000000d7800000, 0x00000000d7800000| Complete 

Card table byte_map: [0x000002c07e940000,0x000002c07eaa0000] _byte_map_base: 0x000002c07e29f000

Marking Bits (Prev, Next): (CMBitMap*) 0x000002c0751bebb0, (CMBitMap*) 0x000002c0751bebf0
 Prev Bits: [0x000002c07ec00000, 0x000002c07f6f8000)
 Next Bits: [0x000002c00f000000, 0x000002c00faf8000)

Polling page: 0x000002c075010000

Metaspace:

Usage:
  Non-class:     44.54 MB used.
      Class:      6.84 MB used.
       Both:     51.38 MB used.

Virtual space:
  Non-class space:       48.00 MB reserved,      44.75 MB ( 93%) committed,  6 nodes.
      Class space:        1.00 GB reserved,       7.06 MB ( <1%) committed,  1 nodes.
             Both:        1.05 GB reserved,      51.81 MB (  5%) committed. 

Chunk freelists:
   Non-Class:  2.38 MB
       Class:  928.00 KB
        Both:  3.28 MB

MaxMetaspaceSize: unlimited
CompressedClassSpaceSize: 1.00 GB
Initial GC threshold: 21.00 MB
Current GC threshold: 82.50 MB
CDS: on
MetaspaceReclaimPolicy: balanced
 - commit_granule_bytes: 65536.
 - commit_granule_words: 8192.
 - virtual_space_node_default_size: 1048576.
 - enlarge_chunks_in_place: 1.
 - new_chunks_are_fully_committed: 0.
 - uncommit_free_chunks: 1.
 - use_allocation_guard: 0.
 - handle_deallocations: 1.


Internal statistics:

num_allocs_failed_limit: 6.
num_arena_births: 638.
num_arena_deaths: 0.
num_vsnodes_births: 7.
num_vsnodes_deaths: 0.
num_space_committed: 829.
num_space_uncommitted: 0.
num_chunks_returned_to_freelist: 6.
num_chunks_taken_from_freelist: 2505.
num_chunk_merges: 6.
num_chunk_splits: 1752.
num_chunks_enlarged: 1335.
num_purges: 0.
num_inconsistent_stats: 0.

CodeHeap 'non-profiled nmethods': size=120000Kb used=2696Kb max_used=2696Kb free=117303Kb
 bounds [0x000002c007ad0000, 0x000002c007d80000, 0x000002c00f000000]
CodeHeap 'profiled nmethods': size=120000Kb used=10246Kb max_used=10246Kb free=109753Kb
 bounds [0x000002c0005a0000, 0x000002c000fb0000, 0x000002c007ad0000]
CodeHeap 'non-nmethods': size=5760Kb used=1274Kb max_used=1309Kb free=4485Kb
 bounds [0x000002c000000000, 0x000002c000270000, 0x000002c0005a0000]
 total_blobs=6067 nmethods=5472 adapters=508
 compilation: enabled
              stopped_count=0, restarted_count=0
 full_count=0

Compilation events (20 events):
Event: 174.657 Thread 0x000002c07fcc5250 nmethod 6321 0x000002c000f9f210 code [0x000002c000f9f3a0, 0x000002c000f9f4d8]
Event: 176.715 Thread 0x000002c07fcc5250 6322       3       java.util.concurrent.ScheduledThreadPoolExecutor$ScheduledFutureTask::isPeriodic (15 bytes)
Event: 176.716 Thread 0x000002c07fcc5250 nmethod 6322 0x000002c000f9f590 code [0x000002c000f9f720, 0x000002c000f9f898]
Event: 185.707 Thread 0x000002c07fcc5250 6323       3       java.util.concurrent.locks.AbstractQueuedSynchronizer$ConditionObject::doSignal (54 bytes)
Event: 185.719 Thread 0x000002c07fcc5250 nmethod 6323 0x000002c000f9f910 code [0x000002c000f9fae0, 0x000002c000f9fe98]
Event: 189.721 Thread 0x000002c07fcc5250 6324       3       java.util.concurrent.ThreadPoolExecutor$Worker::unlock (7 bytes)
Event: 189.728 Thread 0x000002c07fcc5250 nmethod 6324 0x000002c000fa0010 code [0x000002c000fa01c0, 0x000002c000fa0428]
Event: 189.728 Thread 0x000002c07fcc5250 6325       3       java.util.concurrent.ThreadPoolExecutor$Worker::tryRelease (12 bytes)
Event: 189.729 Thread 0x000002c07fcc5250 nmethod 6325 0x000002c000fa0510 code [0x000002c000fa06a0, 0x000002c000fa0818]
Event: 193.847 Thread 0x000002c07fcc5250 6326   !   3       java.util.concurrent.ThreadPoolExecutor::getTask (177 bytes)
Event: 193.908 Thread 0x000002c07fcc5250 nmethod 6326 0x000002c000fa0890 code [0x000002c000fa0b20, 0x000002c000fa19f8]
Event: 193.985 Thread 0x000002c07fcc5250 6328       3       java.util.concurrent.locks.ReentrantReadWriteLock$Sync::tryAcquireShared (177 bytes)
Event: 193.987 Thread 0x000002c075243010 6327       4       java.util.TreeMap::put (221 bytes)
Event: 194.043 Thread 0x000002c07fcc5250 nmethod 6328 0x000002c000fa1e90 code [0x000002c000fa20e0, 0x000002c000fa2c28]
Event: 194.043 Thread 0x000002c07fcc5250 6329       3       java.util.concurrent.locks.ReentrantReadWriteLock$Sync::sharedCount (5 bytes)
Event: 194.043 Thread 0x000002c07fcc5250 nmethod 6329 0x000002c000933390 code [0x000002c000933520, 0x000002c000933618]
Event: 194.043 Thread 0x000002c07fcc5250 6330       3       java.util.concurrent.locks.ReentrantReadWriteLock$ReadLock::unlock (10 bytes)
Event: 194.050 Thread 0x000002c07fcc5250 nmethod 6330 0x000002c000fa2f90 code [0x000002c000fa3160, 0x000002c000fa3438]
Event: 194.050 Thread 0x000002c07fcc5250 6331       3       java.util.concurrent.locks.ReentrantReadWriteLock$Sync::tryReleaseShared (146 bytes)
Event: 194.098 Thread 0x000002c07fcc5250 nmethod 6331 0x000002c000fa3590 code [0x000002c000fa37e0, 0x000002c000fa4318]

GC Heap History (20 events):
Event: 13.999 GC heap before
{Heap before GC invocations=12 (full 0):
 garbage-first heap   total 54272K, used 41098K [0x00000000d4200000, 0x0000000100000000)
  region size 1024K, 25 young (25600K), 4 survivors (4096K)
 Metaspace       used 31053K, committed 31552K, reserved 1081344K
  class space    used 3982K, committed 4224K, reserved 1048576K
}
Event: 14.012 GC heap after
{Heap after GC invocations=13 (full 0):
 garbage-first heap   total 54272K, used 21911K [0x00000000d4200000, 0x0000000100000000)
  region size 1024K, 4 young (4096K), 4 survivors (4096K)
 Metaspace       used 31053K, committed 31552K, reserved 1081344K
  class space    used 3982K, committed 4224K, reserved 1048576K
}
Event: 15.530 GC heap before
{Heap before GC invocations=13 (full 0):
 garbage-first heap   total 54272K, used 40343K [0x00000000d4200000, 0x0000000100000000)
  region size 1024K, 23 young (23552K), 4 survivors (4096K)
 Metaspace       used 33507K, committed 33984K, reserved 1081344K
  class space    used 4337K, committed 4544K, reserved 1048576K
}
Event: 15.542 GC heap after
{Heap after GC invocations=14 (full 0):
 garbage-first heap   total 54272K, used 23818K [0x00000000d4200000, 0x0000000100000000)
  region size 1024K, 2 young (2048K), 2 survivors (2048K)
 Metaspace       used 33507K, committed 33984K, reserved 1081344K
  class space    used 4337K, committed 4544K, reserved 1048576K
}
Event: 16.281 GC heap before
{Heap before GC invocations=14 (full 0):
 garbage-first heap   total 54272K, used 32010K [0x00000000d4200000, 0x0000000100000000)
  region size 1024K, 12 young (12288K), 2 survivors (2048K)
 Metaspace       used 35736K, committed 36096K, reserved 1081344K
  class space    used 4619K, committed 4800K, reserved 1048576K
}
Event: 16.287 GC heap after
{Heap after GC invocations=15 (full 0):
 garbage-first heap   total 54272K, used 24389K [0x00000000d4200000, 0x0000000100000000)
  region size 1024K, 1 young (1024K), 1 survivors (1024K)
 Metaspace       used 35736K, committed 36096K, reserved 1081344K
  class space    used 4619K, committed 4800K, reserved 1048576K
}
Event: 17.530 GC heap before
{Heap before GC invocations=16 (full 0):
 garbage-first heap   total 54272K, used 42821K [0x00000000d4200000, 0x0000000100000000)
  region size 1024K, 19 young (19456K), 1 survivors (1024K)
 Metaspace       used 38186K, committed 38592K, reserved 1089536K
  class space    used 5020K, committed 5184K, reserved 1048576K
}
Event: 17.537 GC heap after
{Heap after GC invocations=17 (full 0):
 garbage-first heap   total 54272K, used 25475K [0x00000000d4200000, 0x0000000100000000)
  region size 1024K, 2 young (2048K), 2 survivors (2048K)
 Metaspace       used 38186K, committed 38592K, reserved 1089536K
  class space    used 5020K, committed 5184K, reserved 1048576K
}
Event: 19.491 GC heap before
{Heap before GC invocations=17 (full 0):
 garbage-first heap   total 54272K, used 42883K [0x00000000d4200000, 0x0000000100000000)
  region size 1024K, 19 young (19456K), 2 survivors (2048K)
 Metaspace       used 40511K, committed 41024K, reserved 1089536K
  class space    used 5361K, committed 5568K, reserved 1048576K
}
Event: 19.499 GC heap after
{Heap after GC invocations=18 (full 0):
 garbage-first heap   total 54272K, used 26874K [0x00000000d4200000, 0x0000000100000000)
  region size 1024K, 3 young (3072K), 3 survivors (3072K)
 Metaspace       used 40511K, committed 41024K, reserved 1089536K
  class space    used 5361K, committed 5568K, reserved 1048576K
}
Event: 20.681 GC heap before
{Heap before GC invocations=18 (full 0):
 garbage-first heap   total 54272K, used 43258K [0x00000000d4200000, 0x0000000100000000)
  region size 1024K, 19 young (19456K), 3 survivors (3072K)
 Metaspace       used 43303K, committed 43712K, reserved 1089536K
  class space    used 5774K, committed 5952K, reserved 1048576K
}
Event: 20.691 GC heap after
{Heap after GC invocations=19 (full 0):
 garbage-first heap   total 54272K, used 28377K [0x00000000d4200000, 0x0000000100000000)
  region size 1024K, 3 young (3072K), 3 survivors (3072K)
 Metaspace       used 43303K, committed 43712K, reserved 1089536K
  class space    used 5774K, committed 5952K, reserved 1048576K
}
Event: 21.969 GC heap before
{Heap before GC invocations=20 (full 0):
 garbage-first heap   total 54272K, used 43737K [0x00000000d4200000, 0x0000000100000000)
  region size 1024K, 18 young (18432K), 3 survivors (3072K)
 Metaspace       used 47587K, committed 48064K, reserved 1097728K
  class space    used 6323K, committed 6528K, reserved 1048576K
}
Event: 21.984 GC heap after
{Heap after GC invocations=21 (full 0):
 garbage-first heap   total 54272K, used 30388K [0x00000000d4200000, 0x0000000100000000)
  region size 1024K, 3 young (3072K), 3 survivors (3072K)
 Metaspace       used 47587K, committed 48064K, reserved 1097728K
  class space    used 6323K, committed 6528K, reserved 1048576K
}
Event: 23.016 GC heap before
{Heap before GC invocations=21 (full 0):
 garbage-first heap   total 54272K, used 43700K [0x00000000d4200000, 0x0000000100000000)
  region size 1024K, 16 young (16384K), 3 survivors (3072K)
 Metaspace       used 50052K, committed 50560K, reserved 1097728K
  class space    used 6695K, committed 6912K, reserved 1048576K
}
Event: 23.028 GC heap after
{Heap after GC invocations=22 (full 0):
 garbage-first heap   total 54272K, used 32525K [0x00000000d4200000, 0x0000000100000000)
  region size 1024K, 2 young (2048K), 2 survivors (2048K)
 Metaspace       used 50052K, committed 50560K, reserved 1097728K
  class space    used 6695K, committed 6912K, reserved 1048576K
}
Event: 53.108 GC heap before
{Heap before GC invocations=23 (full 0):
 garbage-first heap   total 56320K, used 43789K [0x00000000d4200000, 0x0000000100000000)
  region size 1024K, 13 young (13312K), 2 survivors (2048K)
 Metaspace       used 52411K, committed 52928K, reserved 1097728K
  class space    used 7004K, committed 7232K, reserved 1048576K
}
Event: 53.116 GC heap after
{Heap after GC invocations=24 (full 0):
 garbage-first heap   total 56320K, used 33641K [0x00000000d4200000, 0x0000000100000000)
  region size 1024K, 2 young (2048K), 2 survivors (2048K)
 Metaspace       used 52411K, committed 52928K, reserved 1097728K
  class space    used 7004K, committed 7232K, reserved 1048576K
}
Event: 53.467 GC heap before
{Heap before GC invocations=24 (full 0):
 garbage-first heap   total 56320K, used 34665K [0x00000000d4200000, 0x0000000100000000)
  region size 1024K, 3 young (3072K), 2 survivors (2048K)
 Metaspace       used 52499K, committed 52992K, reserved 1097728K
  class space    used 7007K, committed 7232K, reserved 1048576K
}
Event: 53.474 GC heap after
{Heap after GC invocations=25 (full 0):
 garbage-first heap   total 56320K, used 33403K [0x00000000d4200000, 0x0000000100000000)
  region size 1024K, 1 young (1024K), 1 survivors (1024K)
 Metaspace       used 52499K, committed 52992K, reserved 1097728K
  class space    used 7007K, committed 7232K, reserved 1048576K
}

Deoptimization events (20 events):
Event: 53.432 Thread 0x000002c0139296f0 Uncommon trap: trap_request=0xffffffde fr.pc=0x000002c007c2c03c relative=0x0000000000001bdc
Event: 53.432 Thread 0x000002c0139296f0 Uncommon trap: reason=class_check action=maybe_recompile pc=0x000002c007c2c03c method=java.util.zip.InflaterInputStream.read([BII)I @ 100 c2
Event: 53.432 Thread 0x000002c0139296f0 DEOPT PACKING pc=0x000002c007c2c03c sp=0x000000eb7d6fe800
Event: 53.432 Thread 0x000002c0139296f0 DEOPT UNPACKING pc=0x000002c00005239d sp=0x000000eb7d6fe850 mode 2
Event: 53.434 Thread 0x000002c0139296f0 Uncommon trap: trap_request=0xffffffde fr.pc=0x000002c007c2c03c relative=0x0000000000001bdc
Event: 53.434 Thread 0x000002c0139296f0 Uncommon trap: reason=class_check action=maybe_recompile pc=0x000002c007c2c03c method=java.util.zip.InflaterInputStream.read([BII)I @ 100 c2
Event: 53.434 Thread 0x000002c0139296f0 DEOPT PACKING pc=0x000002c007c2c03c sp=0x000000eb7d6fd800
Event: 53.434 Thread 0x000002c0139296f0 DEOPT UNPACKING pc=0x000002c00005239d sp=0x000000eb7d6fd850 mode 2
Event: 53.440 Thread 0x000002c0139296f0 Uncommon trap: trap_request=0xffffffde fr.pc=0x000002c007d52c84 relative=0x00000000000002c4
Event: 53.441 Thread 0x000002c0139296f0 Uncommon trap: reason=class_check action=maybe_recompile pc=0x000002c007d52c84 method=java.lang.reflect.Executable.getAnnotation(Ljava/lang/Class;)Ljava/lang/annotation/Annotation; @ 19 c2
Event: 53.441 Thread 0x000002c0139296f0 DEOPT PACKING pc=0x000002c007d52c84 sp=0x000000eb7d6fe0c0
Event: 53.441 Thread 0x000002c0139296f0 DEOPT UNPACKING pc=0x000002c00005239d sp=0x000000eb7d6fe018 mode 2
Event: 53.441 Thread 0x000002c0139296f0 Uncommon trap: trap_request=0xffffffde fr.pc=0x000002c007d52c84 relative=0x00000000000002c4
Event: 53.441 Thread 0x000002c0139296f0 Uncommon trap: reason=class_check action=maybe_recompile pc=0x000002c007d52c84 method=java.lang.reflect.Executable.getAnnotation(Ljava/lang/Class;)Ljava/lang/annotation/Annotation; @ 19 c2
Event: 53.441 Thread 0x000002c0139296f0 DEOPT PACKING pc=0x000002c007d52c84 sp=0x000000eb7d6fe0c0
Event: 53.441 Thread 0x000002c0139296f0 DEOPT UNPACKING pc=0x000002c00005239d sp=0x000000eb7d6fe018 mode 2
Event: 83.447 Thread 0x000002c0139296f0 Uncommon trap: trap_request=0xffffffcc fr.pc=0x000002c007d657f0 relative=0x0000000000000350
Event: 83.447 Thread 0x000002c0139296f0 Uncommon trap: reason=intrinsic_or_type_checked_inlining action=make_not_entrant pc=0x000002c007d657f0 method=java.util.Arrays.copyOf([Ljava/lang/Object;ILjava/lang/Class;)[Ljava/lang/Object; @ 35 c2
Event: 83.447 Thread 0x000002c0139296f0 DEOPT PACKING pc=0x000002c007d657f0 sp=0x000000eb7d6fe880
Event: 83.447 Thread 0x000002c0139296f0 DEOPT UNPACKING pc=0x000002c00005239d sp=0x000000eb7d6fe810 mode 2

Classes unloaded (0 events):
No events

Classes redefined (0 events):
No events

Internal exceptions (20 events):
Event: 17.865 Thread 0x000002c0137e7a30 Exception <a 'java/lang/NoSuchMethodError'{0x00000000d7270c30}: 'java.lang.Object java.lang.invoke.DirectMethodHandle$Holder.newInvokeSpecial(java.lang.Object, java.lang.Object, java.lang.Object, java.lang.Object, java.lang.Object, java.lang.Object, java.lang.Object, java.lang.Object, java.lang.Object)'> (0x00000000d7270c30) 
thrown [s\open\src\hotspot\share\interpreter\linkResolver.cpp, line 759]
Event: 17.866 Thread 0x000002c0137e7a30 Exception <a 'java/lang/NoSuchMethodError'{0x00000000d7275bd0}: 'java.lang.Object java.lang.invoke.Invokers$Holder.linkToTargetMethod(java.lang.Object, java.lang.Object, java.lang.Object, java.lang.Object, java.lang.Object, java.lang.Object, java.lang.Object, java.lang.Object, java.lang.Object)'> (0x00000000d7275bd0) 
thrown [s\open\src\hotspot\share\interpreter\linkResolver.cpp, line 759]
Event: 19.116 Thread 0x000002c0137e7a30 Exception <a 'java/lang/IncompatibleClassChangeError'{0x00000000d6b67ef8}: Found class java.lang.Object, but interface was expected> (0x00000000d6b67ef8) 
thrown [s\open\src\hotspot\share\interpreter\linkResolver.cpp, line 826]
Event: 19.208 Thread 0x000002c0137e7a30 Exception <a 'java/lang/IncompatibleClassChangeError'{0x00000000d6915858}: Found class java.lang.Object, but interface was expected> (0x00000000d6915858) 
thrown [s\open\src\hotspot\share\interpreter\linkResolver.cpp, line 826]
Event: 19.769 Thread 0x000002c0137e7a30 Exception <a 'java/lang/NoSuchMethodError'{0x00000000d73c0778}: 'double java.lang.invoke.DirectMethodHandle$Holder.invokeVirtual(java.lang.Object, java.lang.Object)'> (0x00000000d73c0778) 
thrown [s\open\src\hotspot\share\interpreter\linkResolver.cpp, line 759]
Event: 19.934 Thread 0x000002c0137e7a30 Implicit null exception at 0x000002c007c6909c to 0x000002c007c691d2
Event: 20.168 Thread 0x000002c0137e7a30 Exception <a 'java/lang/NoSuchMethodError'{0x00000000d70c1308}: 'double java.lang.invoke.DirectMethodHandle$Holder.invokeStatic(java.lang.Object, java.lang.Object)'> (0x00000000d70c1308) 
thrown [s\open\src\hotspot\share\interpreter\linkResolver.cpp, line 759]
Event: 20.774 Thread 0x000002c0125a0180 Exception <a 'java/lang/NoSuchMethodError'{0x00000000d761fc48}: 'long java.lang.invoke.DirectMethodHandle$Holder.invokeStatic(java.lang.Object, java.lang.Object, java.lang.Object)'> (0x00000000d761fc48) 
thrown [s\open\src\hotspot\share\interpreter\linkResolver.cpp, line 759]
Event: 20.786 Thread 0x000002c0137e7a30 Exception <a 'java/net/BindException'{0x00000000d76c2cc0}: Address already in use: bind> (0x00000000d76c2cc0) 
thrown [s\open\src\hotspot\share\prims\jni.cpp, line 535]
Event: 20.796 Thread 0x000002c0137e7a30 Exception <a 'java/net/SocketException'{0x00000000d76c4048}: Socket is not connected: shutdown> (0x00000000d76c4048) 
thrown [s\open\src\hotspot\share\prims\jni.cpp, line 535]
Event: 21.076 Thread 0x000002c0137e7a30 Exception <a 'java/lang/NoSuchMethodError'{0x00000000d72afc20}: 'void java.lang.invoke.DirectMethodHandle$Holder.invokeStatic(java.lang.Object, java.lang.Object, double)'> (0x00000000d72afc20) 
thrown [s\open\src\hotspot\share\interpreter\linkResolver.cpp, line 759]
Event: 21.104 Thread 0x000002c0137e7a30 Exception <a 'java/lang/NoSuchMethodError'{0x00000000d7107928}: 'double java.lang.invoke.DirectMethodHandle$Holder.invokeStatic(java.lang.Object, java.lang.Object, java.lang.Object)'> (0x00000000d7107928) 
thrown [s\open\src\hotspot\share\interpreter\linkResolver.cpp, line 759]
Event: 21.133 Thread 0x000002c0137e7a30 Exception <a 'java/lang/NoSuchMethodError'{0x00000000d7165828}: 'java.lang.Object java.lang.invoke.DirectMethodHandle$Holder.newInvokeSpecial(java.lang.Object, java.lang.Object, int, java.lang.Object, java.lang.Object)'> (0x00000000d7165828) 
thrown [s\open\src\hotspot\share\interpreter\linkResolver.cpp, line 759]
Event: 21.136 Thread 0x000002c0137e7a30 Exception <a 'java/lang/NoSuchMethodError'{0x00000000d7170e90}: 'java.lang.Object java.lang.invoke.DirectMethodHandle$Holder.invokeSpecial(java.lang.Object, java.lang.Object, int, java.lang.Object, int, java.lang.Object)'> (0x00000000d7170e90) 
thrown [s\open\src\hotspot\share\interpreter\linkResolver.cpp, line 759]
Event: 21.137 Thread 0x000002c0137e7a30 Exception <a 'java/lang/NoSuchMethodError'{0x00000000d7178f40}: 'java.lang.Object java.lang.invoke.DirectMethodHandle$Holder.newInvokeSpecial(java.lang.Object, java.lang.Object, int, java.lang.Object, int)'> (0x00000000d7178f40) 
thrown [s\open\src\hotspot\share\interpreter\linkResolver.cpp, line 759]
Event: 21.138 Thread 0x000002c0137e7a30 Exception <a 'java/lang/NoSuchMethodError'{0x00000000d717d040}: 'java.lang.Object java.lang.invoke.DirectMethodHandle$Holder.invokeSpecial(java.lang.Object, java.lang.Object, java.lang.Object, int, java.lang.Object, int)'> (0x00000000d717d040) 
thrown [s\open\src\hotspot\share\interpreter\linkResolver.cpp, line 759]
Event: 21.322 Thread 0x000002c0137e7a30 Exception <a 'java/lang/IncompatibleClassChangeError'{0x00000000d6fb9078}: Found class java.lang.Object, but interface was expected> (0x00000000d6fb9078) 
thrown [s\open\src\hotspot\share\interpreter\linkResolver.cpp, line 826]
Event: 21.427 Thread 0x000002c0137e7a30 Implicit null exception at 0x000002c007ad8b7d to 0x000002c007ad8d40
Event: 21.702 Thread 0x000002c0137e7a30 Exception <a 'sun/nio/fs/WindowsException'{0x00000000d6baead8}> (0x00000000d6baead8) 
thrown [s\open\src\hotspot\share\prims\jni.cpp, line 516]
Event: 21.742 Thread 0x000002c0137e7a30 Exception <a 'java/lang/NoSuchMethodError'{0x00000000d6bcfcd8}: 'int java.lang.invoke.DirectMethodHandle$Holder.invokeStaticInit(java.lang.Object, java.lang.Object, java.lang.Object, java.lang.Object)'> (0x00000000d6bcfcd8) 
thrown [s\open\src\hotspot\share\interpreter\linkResolver.cpp, line 759]

VM Operations (20 events):
Event: 53.108 Executing VM operation: G1CollectForAllocation
Event: 53.116 Executing VM operation: G1CollectForAllocation done
Event: 53.467 Executing VM operation: G1CollectForAllocation
Event: 53.474 Executing VM operation: G1CollectForAllocation done
Event: 54.489 Executing VM operation: Cleanup
Event: 54.490 Executing VM operation: Cleanup done
Event: 74.603 Executing VM operation: Cleanup
Event: 74.604 Executing VM operation: Cleanup done
Event: 83.653 Executing VM operation: Cleanup
Event: 83.654 Executing VM operation: Cleanup done
Event: 113.820 Executing VM operation: Cleanup
Event: 113.820 Executing VM operation: Cleanup done
Event: 123.879 Executing VM operation: Cleanup
Event: 123.879 Executing VM operation: Cleanup done
Event: 143.971 Executing VM operation: Cleanup
Event: 143.971 Executing VM operation: Cleanup done
Event: 174.217 Executing VM operation: Cleanup
Event: 174.217 Executing VM operation: Cleanup done
Event: 175.223 Executing VM operation: Cleanup
Event: 175.223 Executing VM operation: Cleanup done

Events (20 events):
Event: 24.544 loading class com/sun/beans/introspect/ClassInfo done
Event: 24.544 loading class com/sun/beans/introspect/ClassInfo$1
Event: 24.545 loading class com/sun/beans/util/Cache
Event: 24.546 loading class com/sun/beans/util/Cache done
Event: 24.546 loading class com/sun/beans/introspect/ClassInfo$1 done
Event: 24.546 loading class com/sun/beans/util/Cache$Kind
Event: 24.547 loading class com/sun/beans/util/Cache$Kind done
Event: 24.547 loading class com/sun/beans/util/Cache$Kind$1
Event: 24.547 loading class com/sun/beans/util/Cache$Kind$1 done
Event: 24.548 loading class com/sun/beans/util/Cache$Kind$2
Event: 24.548 loading class com/sun/beans/util/Cache$Kind$2 done
Event: 24.548 loading class com/sun/beans/util/Cache$Kind$3
Event: 24.548 loading class com/sun/beans/util/Cache$Kind$3 done
Event: 24.548 loading class com/sun/beans/util/Cache$CacheEntry
Event: 24.549 loading class com/sun/beans/util/Cache$CacheEntry done
Event: 24.551 Thread 0x000002c012f9d2b0 Thread exited: 0x000002c012f9d2b0
Event: 24.552 Thread 0x000002c075187c30 Thread exited: 0x000002c075187c30
Event: 24.553 Thread 0x000002c013924ec0 Thread added: 0x000002c013924ec0
Event: 53.393 Thread 0x000002c013925860 Thread added: 0x000002c013925860
Event: 53.393 Thread 0x000002c0139296f0 Thread added: 0x000002c0139296f0


Dynamic libraries:
0x00007ff615190000 - 0x00007ff6151a0000 	C:\Program Files\Java\jdk-17.0.5\bin\javaw.exe
0x00007ffa9b410000 - 0x00007ffa9b608000 	C:\WINDOWS\SYSTEM32\ntdll.dll
0x00007ffa9aa40000 - 0x00007ffa9aaff000 	C:\WINDOWS\System32\KERNEL32.DLL
0x00007ffa99260000 - 0x00007ffa99556000 	C:\WINDOWS\System32\KERNELBASE.dll
0x00007ffa98db0000 - 0x00007ffa98eb0000 	C:\WINDOWS\System32\ucrtbase.dll
0x00007ffa93a60000 - 0x00007ffa93a78000 	C:\Program Files\Java\jdk-17.0.5\bin\jli.dll
0x00007ffa99bb0000 - 0x00007ffa99c5f000 	C:\WINDOWS\System32\ADVAPI32.dll
0x00007ffa9ad60000 - 0x00007ffa9adfe000 	C:\WINDOWS\System32\msvcrt.dll
0x00007ffa9ae00000 - 0x00007ffa9ae9c000 	C:\WINDOWS\System32\sechost.dll
0x00007ffa999d0000 - 0x00007ffa99af6000 	C:\WINDOWS\System32\RPCRT4.dll
0x00007ffa8a720000 - 0x00007ffa8a73a000 	C:\Program Files\Java\jdk-17.0.5\bin\VCRUNTIME140.dll
0x00007ffa99fd0000 - 0x00007ffa9a16d000 	C:\WINDOWS\System32\USER32.dll
0x00007ffa86a30000 - 0x00007ffa86cca000 	C:\WINDOWS\WinSxS\amd64_microsoft.windows.common-controls_6595b64144ccf1df_6.0.19041.1110_none_60b5254171f9507e\COMCTL32.dll
0x00007ffa98fd0000 - 0x00007ffa98ff2000 	C:\WINDOWS\System32\win32u.dll
0x00007ffa9ad30000 - 0x00007ffa9ad5c000 	C:\WINDOWS\System32\GDI32.dll
0x00007ffa98eb0000 - 0x00007ffa98fc5000 	C:\WINDOWS\System32\gdi32full.dll
0x00007ffa98be0000 - 0x00007ffa98c7d000 	C:\WINDOWS\System32\msvcp_win.dll
0x00007ffa972d0000 - 0x00007ffa972da000 	C:\WINDOWS\SYSTEM32\VERSION.dll
0x00007ffa9b200000 - 0x00007ffa9b230000 	C:\WINDOWS\System32\IMM32.DLL
0x00007ffa8c0d0000 - 0x00007ffa8c0dc000 	C:\Program Files\Java\jdk-17.0.5\bin\vcruntime140_1.dll
0x00007ffa7f2b0000 - 0x00007ffa7f33d000 	C:\Program Files\Java\jdk-17.0.5\bin\msvcp140.dll
0x00007ffa49590000 - 0x00007ffa4a152000 	C:\Program Files\Java\jdk-17.0.5\bin\server\jvm.dll
0x00007ffa9ab70000 - 0x00007ffa9ab78000 	C:\WINDOWS\System32\PSAPI.DLL
0x00007ffa90b00000 - 0x00007ffa90b27000 	C:\WINDOWS\SYSTEM32\WINMM.dll
0x00007ffa896c0000 - 0x00007ffa896c9000 	C:\WINDOWS\SYSTEM32\WSOCK32.dll
0x00007ffa9ab00000 - 0x00007ffa9ab6b000 	C:\WINDOWS\System32\WS2_32.dll
0x00007ffa973d0000 - 0x00007ffa973e2000 	C:\WINDOWS\SYSTEM32\kernel.appcore.dll
0x00007ffa8a710000 - 0x00007ffa8a71a000 	C:\Program Files\Java\jdk-17.0.5\bin\jimage.dll
0x00007ffa89f40000 - 0x00007ffa8a124000 	C:\WINDOWS\SYSTEM32\DBGHELP.DLL
0x00007ffa8bdd0000 - 0x00007ffa8be04000 	C:\WINDOWS\SYSTEM32\dbgcore.DLL
0x00007ffa99070000 - 0x00007ffa990f2000 	C:\WINDOWS\System32\bcryptPrimitives.dll
0x00007ffa851d0000 - 0x00007ffa851f5000 	C:\Program Files\Java\jdk-17.0.5\bin\java.dll
0x00007ffa76fe0000 - 0x00007ffa770b6000 	C:\Program Files\Java\jdk-17.0.5\bin\jsvml.dll
0x00007ffa9a170000 - 0x00007ffa9a8b4000 	C:\WINDOWS\System32\SHELL32.dll
0x00007ffa96a80000 - 0x00007ffa97213000 	C:\WINDOWS\SYSTEM32\windows.storage.dll
0x00007ffa9aea0000 - 0x00007ffa9b1f4000 	C:\WINDOWS\System32\combase.dll
0x00007ffa98540000 - 0x00007ffa9856e000 	C:\WINDOWS\SYSTEM32\Wldp.dll
0x00007ffa99b00000 - 0x00007ffa99bad000 	C:\WINDOWS\System32\SHCORE.dll
0x00007ffa99f10000 - 0x00007ffa99f65000 	C:\WINDOWS\System32\shlwapi.dll
0x00007ffa98b10000 - 0x00007ffa98b35000 	C:\WINDOWS\SYSTEM32\profapi.dll
0x00007ffa8a690000 - 0x00007ffa8a6a9000 	C:\Program Files\Java\jdk-17.0.5\bin\net.dll
0x00007ffa91a00000 - 0x00007ffa91b0a000 	C:\WINDOWS\SYSTEM32\WINHTTP.dll
0x00007ffa98320000 - 0x00007ffa9838a000 	C:\WINDOWS\system32\mswsock.dll
0x00007ffa85570000 - 0x00007ffa85586000 	C:\Program Files\Java\jdk-17.0.5\bin\nio.dll
0x00007ffa84740000 - 0x00007ffa84758000 	C:\Program Files\Java\jdk-17.0.5\bin\zip.dll
0x00007ffa84f30000 - 0x00007ffa84f39000 	C:\Program Files\Java\jdk-17.0.5\bin\management.dll
0x00007ffa84df0000 - 0x00007ffa84dfb000 	C:\Program Files\Java\jdk-17.0.5\bin\management_ext.dll
0x00007ffa97fc0000 - 0x00007ffa97ffb000 	C:\WINDOWS\SYSTEM32\IPHLPAPI.DLL
0x00007ffa99de0000 - 0x00007ffa99de8000 	C:\WINDOWS\System32\NSI.dll
0x00007ffa92690000 - 0x00007ffa926a7000 	C:\WINDOWS\SYSTEM32\dhcpcsvc6.DLL
0x00007ffa92670000 - 0x00007ffa9268d000 	C:\WINDOWS\SYSTEM32\dhcpcsvc.DLL
0x00007ffa98030000 - 0x00007ffa980fa000 	C:\WINDOWS\SYSTEM32\DNSAPI.dll
0x00007ffa90a40000 - 0x00007ffa90a4a000 	C:\Windows\System32\rasadhlp.dll
0x00007ffa8ff90000 - 0x00007ffa90012000 	C:\WINDOWS\System32\fwpuclnt.dll
0x00007ffa98c80000 - 0x00007ffa98ca7000 	C:\WINDOWS\System32\bcrypt.dll
0x00007ffa98890000 - 0x00007ffa988a8000 	C:\WINDOWS\SYSTEM32\CRYPTSP.dll
0x00007ffa97b80000 - 0x00007ffa97bb4000 	C:\WINDOWS\system32\rsaenh.dll
0x00007ffa98a90000 - 0x00007ffa98abe000 	C:\WINDOWS\SYSTEM32\USERENV.dll
0x00007ffa984b0000 - 0x00007ffa984bc000 	C:\WINDOWS\SYSTEM32\CRYPTBASE.dll
0x00007ffa84f90000 - 0x00007ffa84f9e000 	C:\Program Files\Java\jdk-17.0.5\bin\sunmscapi.dll
0x00007ffa99100000 - 0x00007ffa9925e000 	C:\WINDOWS\System32\CRYPT32.dll
0x00007ffa985b0000 - 0x00007ffa985d8000 	C:\WINDOWS\SYSTEM32\ncrypt.dll
0x00007ffa98570000 - 0x00007ffa985ab000 	C:\WINDOWS\SYSTEM32\NTASN1.dll
0x00007ffa85230000 - 0x00007ffa85240000 	C:\Program Files\Java\jdk-17.0.5\bin\verify.dll
0x00007ffa7e9b0000 - 0x00007ffa7e9b7000 	C:\WINDOWS\system32\wshunix.dll

dbghelp: loaded successfully - version: 4.0.5 - missing functions: none
symbol engine: initialized successfully - sym options: 0x614 - pdb path: .;C:\Program Files\Java\jdk-17.0.5\bin;C:\WINDOWS\SYSTEM32;C:\WINDOWS\WinSxS\amd64_microsoft.windows.common-controls_6595b64144ccf1df_6.0.19041.1110_none_60b5254171f9507e;C:\Program Files\Java\jdk-17.0.5\bin\server

VM Arguments:
jvm_args: -Dfile.encoding=UTF-8 -XX:+ShowCodeDetailsInExceptionMessages 
java_command: com.in28minutes.microservices.apigateway.ApiGatewayApplication
java_class_path (initial): C:\MyJavaLearning\in28minutesMicroservicescourse\api-gateway\api-gateway\target\classes;C:\Users\PC\.m2\repository\org\springframework\boot\spring-boot-starter-actuator\3.0.3\spring-boot-starter-actuator-3.0.3.jar;C:\Users\PC\.m2\repository\org\springframework\boot\spring-boot-starter\3.0.3\spring-boot-starter-3.0.3.jar;C:\Users\PC\.m2\repository\org\springframework\boot\spring-boot-starter-logging\3.0.3\spring-boot-starter-logging-3.0.3.jar;C:\Users\PC\.m2\repository\ch\qos\logback\logback-classic\1.4.5\logback-classic-1.4.5.jar;C:\Users\PC\.m2\repository\ch\qos\logback\logback-core\1.4.5\logback-core-1.4.5.jar;C:\Users\PC\.m2\repository\org\apache\logging\log4j\log4j-to-slf4j\2.19.0\log4j-to-slf4j-2.19.0.jar;C:\Users\PC\.m2\repository\org\apache\logging\log4j\log4j-api\2.19.0\log4j-api-2.19.0.jar;C:\Users\PC\.m2\repository\org\slf4j\jul-to-slf4j\2.0.6\jul-to-slf4j-2.0.6.jar;C:\Users\PC\.m2\repository\jakarta\annotation\jakarta.annotation-api\2.1.1\jakarta.annotation-api-2.1.1.jar;C:\Users\PC\.m2\repository\org\yaml\snakeyaml\1.33\snakeyaml-1.33.jar;C:\Users\PC\.m2\repository\org\springframework\boot\spring-boot-actuator-autoconfigure\3.0.3\spring-boot-actuator-autoconfigure-3.0.3.jar;C:\Users\PC\.m2\repository\org\springframework\boot\spring-boot-actuator\3.0.3\spring-boot-actuator-3.0.3.jar;C:\Users\PC\.m2\repository\com\fasterxml\jackson\core\jackson-databind\2.14.2\jackson-databind-2.14.2.jar;C:\Users\PC\.m2\repository\com\fasterxml\jackson\core\jackson-annotations\2.14.2\jackson-annotations-2.14.2.jar;C:\Users\PC\.m2\repository\com\fasterxml\jackson\core\jackson-core\2.14.2\jackson-core-2.14.2.jar;C:\Users\PC\.m2\repository\com\fasterxml\jackson\datatype\jackson-datatype-jsr310\2.14.2\jackson-datatype-jsr310-2.14.2.jar;C:\Users\PC\.m2\repository\io\micrometer\micrometer-core\1.10.4\micrometer-core-1.10.4.jar;C:\Users\PC\.m2\repository\org\hdrhistogram\HdrHistogram\2.1.12\HdrHistogram-2.1.12.jar;C:\Users\PC\.m2\repository\org\latenc
Launcher Type: SUN_STANDARD

[Global flags]
     intx CICompilerCount                          = 3                                         {product} {ergonomic}
     uint ConcGCThreads                            = 1                                         {product} {ergonomic}
     uint G1ConcRefinementThreads                  = 4                                         {product} {ergonomic}
   size_t G1HeapRegionSize                         = 1048576                                   {product} {ergonomic}
    uintx GCDrainStackTargetSize                   = 64                                        {product} {ergonomic}
   size_t InitialHeapSize                          = 46137344                                  {product} {ergonomic}
   size_t MarkStackSize                            = 4194304                                   {product} {ergonomic}
   size_t MaxHeapSize                              = 736100352                                 {product} {ergonomic}
   size_t MaxNewSize                               = 441450496                                 {product} {ergonomic}
   size_t MinHeapDeltaBytes                        = 1048576                                   {product} {ergonomic}
   size_t MinHeapSize                              = 8388608                                   {product} {ergonomic}
    uintx NonNMethodCodeHeapSize                   = 5832780                                {pd product} {ergonomic}
    uintx NonProfiledCodeHeapSize                  = 122912730                              {pd product} {ergonomic}
    uintx ProfiledCodeHeapSize                     = 122912730                              {pd product} {ergonomic}
    uintx ReservedCodeCacheSize                    = 251658240                              {pd product} {ergonomic}
     bool SegmentedCodeCache                       = true                                      {product} {ergonomic}
     bool ShowCodeDetailsInExceptionMessages       = true                                   {manageable} {command line}
   size_t SoftMaxHeapSize                          = 736100352                              {manageable} {ergonomic}
     bool UseCompressedClassPointers               = true                           {product lp64_product} {ergonomic}
     bool UseCompressedOops                        = true                           {product lp64_product} {ergonomic}
     bool UseG1GC                                  = true                                      {product} {ergonomic}
     bool UseLargePagesIndividualAllocation        = false                                  {pd product} {ergonomic}

Logging:
Log output configuration:
 #0: stdout all=warning uptime,level,tags
 #1: stderr all=off uptime,level,tags

Environment Variables:
JAVA_HOME=C:\Program Files\Amazon Corretto\jdk11.0.16_9
PATH=C:\Program Files\Common Files\Oracle\Java\javapath;C:\Program Files\Amazon Corretto\jdk11.0.16_9\bin;C:\Windows\system32;C:\Windows;C:\Windows\System32\Wbem;C:\Windows\System32\WindowsPowerShell\v1.0\;C:\Program Files (x86)\NVIDIA Corporation\PhysX\Common;C:\WINDOWS\system32;C:\WINDOWS;C:\WINDOWS\System32\Wbem;C:\WINDOWS\System32\WindowsPowerShell\v1.0\;C:\WINDOWS\System32\OpenSSH\;C:\Program Files\Java\jdk-17.0.5;C:\Program Files\Git\cmd;C:\Program Files\MySQL\MySQL Server 8.0\bin;;C:\Program Files\Docker\Docker\resources\bin;C:\Program Files\MySQL\MySQL Shell 8.0\bin\;C:\Users\PC\AppData\Local\Microsoft\WindowsApps;C:\Users\PC\AppData\Local\Programs\Microsoft VS Code\bin;C:\Users\PC\AppData\Local\Google\Cloud SDK\google-cloud-sdk\bin;C:\Program Files\MySQL\MySQL Server 8.0\bin;
USERNAME=PC
OS=Windows_NT
PROCESSOR_IDENTIFIER=Intel64 Family 6 Model 37 Stepping 5, GenuineIntel



---------------  S Y S T E M  ---------------

OS:
 Windows 10 , 64 bit Build 19041 (10.0.19041.3155)
OS uptime: 3 days 1:47 hours
Hyper-V role detected

CPU: total 4 (initial active 4) (2 cores per cpu, 2 threads per core) family 6 model 37 stepping 5 microcode 0x7, cx8, cmov, fxsr, ht, mmx, sse, sse2, sse3, ssse3, sse4.1, sse4.2, popcnt, tsc, tscinvbit, clflush, hv

Memory: 4k page, system-wide physical 2806M (194M free)
TotalPageFile size 11510M (AvailPageFile size 0M)
current process WorkingSet (physical memory assigned to process): 35M, peak: 211M
current process commit charge ("private bytes"): 224M, peak: 244M

vm_info: Java HotSpot(TM) 64-Bit Server VM (17.0.5+9-LTS-191) for windows-amd64 JRE (17.0.5+9-LTS-191), built on Sep 13 2022 17:31:43 by "mach5one" with MS VC++ 16.8 / 16.9 (VS2019)

END.
