#
# There is insufficient memory for the Java Runtime Environment to continue.
# Native memory allocation (mmap) failed to map 46137344 bytes for G1 virtual space
# Possible reasons:
#   The system is out of physical RAM or swap space
#   The process is running with CompressedOops enabled, and the Java Heap may be blocking the growth of the native heap
# Possible solutions:
#   Reduce memory load on the system
#   Increase physical memory or swap space
#   Check if swap backing store is full
#   Decrease Java heap size (-Xmx/-Xms)
#   Decrease number of Java threads
#   Decrease Java thread stack sizes (-Xss)
#   Set larger code cache with -XX:ReservedCodeCacheSize=
#   JVM is running with Unscaled Compressed Oops mode in which the Java heap is
#     placed in the first 4GB address space. The Java Heap base address is the
#     maximum limit for the native heap growth. Please use -XX:HeapBaseMinAddress
#     to set the Java Heap base and to place the Java Heap above 4GB virtual address.
# This output file may be truncated or incomplete.
#
#  Out of Memory Error (os_windows.cpp:3541), pid=1632, tid=13980
#
# JRE version:  (17.0.5+9) (build )
# Java VM: Java HotSpot(TM) 64-Bit Server VM (17.0.5+9-LTS-191, mixed mode, sharing, tiered, compressed oops, compressed class ptrs, g1 gc, windows-amd64)
# No core dump will be written. Minidumps are not enabled by default on client versions of Windows
#

---------------  S U M M A R Y ------------

Command Line: -Dfile.encoding=UTF-8 -XX:+ShowCodeDetailsInExceptionMessages com.in28minutes.microservices.namingserver.NamingServerApplication

Host: Intel(R) Core(TM) i3 CPU       M 370  @ 2.40GHz, 4 cores, 2G,  Windows 10 , 64 bit Build 19041 (10.0.19041.3155)
Time: Fri Aug 18 13:56:57 2023 India Standard Time elapsed time: 0.448079 seconds (0d 0h 0m 0s)

---------------  T H R E A D  ---------------

Current thread (0x0000022125f8dfb0):  JavaThread "Unknown thread" [_thread_in_vm, id=13980, stack(0x0000008a4a600000,0x0000008a4a700000)]

Stack: [0x0000008a4a600000,0x0000008a4a700000]
Native frames: (J=compiled Java code, j=interpreted, Vv=VM code, C=native code)
V  [jvm.dll+0x672eea]
V  [jvm.dll+0x7d2a04]
V  [jvm.dll+0x7d41ae]
V  [jvm.dll+0x7d4813]
V  [jvm.dll+0x242c15]
V  [jvm.dll+0x66fe09]
V  [jvm.dll+0x664682]
V  [jvm.dll+0x300e8b]
V  [jvm.dll+0x308426]
V  [jvm.dll+0x357ffe]
V  [jvm.dll+0x35822f]
V  [jvm.dll+0x2d80a8]
V  [jvm.dll+0x2d9014]
V  [jvm.dll+0x7a44e1]
V  [jvm.dll+0x365df1]
V  [jvm.dll+0x7838fc]
V  [jvm.dll+0x3e873f]
V  [jvm.dll+0x3ea1e1]
C  [jli.dll+0x527b]
C  [ucrtbase.dll+0x21bb2]
C  [KERNEL32.DLL+0x17614]
C  [ntdll.dll+0x526b1]


---------------  P R O C E S S  ---------------

Threads class SMR info:
_java_thread_list=0x00007ffa4a02a8d8, length=0, elements={
}

Java Threads: ( => current thread )

Other Threads:
  0x0000022128193d80 GCTaskThread "GC Thread#0" [stack: 0x0000008a4a700000,0x0000008a4a800000] [id=3220]
  0x000002212819bb40 ConcurrentGCThread "G1 Main Marker" [stack: 0x0000008a4a800000,0x0000008a4a900000] [id=12420]
  0x000002212819c460 ConcurrentGCThread "G1 Conc#0" [stack: 0x0000008a4a900000,0x0000008a4aa00000] [id=1068]

[error occurred during error reporting (printing all threads), id 0xc0000005, EXCEPTION_ACCESS_VIOLATION (0xc0000005) at pc=0x00007ffa49878a97]

VM state: not at safepoint (not fully initialized)

VM Mutex/Monitor currently owned by a thread:  ([mutex/lock_event])
[0x0000022125f89fe0] Heap_lock - owner thread: 0x0000022125f8dfb0

Heap address: 0x00000000d4200000, size: 702 MB, Compressed Oops mode: 32-bit

CDS archive(s) mapped at: [0x0000000000000000-0x0000000000000000-0x0000000000000000), size 0, SharedBaseAddress: 0x0000000800000000, ArchiveRelocationMode: 0.
Narrow klass base: 0x0000000000000000, Narrow klass shift: 0, Narrow klass range: 0x0

GC Precious Log:
<Empty>

Heap:
 garbage-first heap   total 0K, used 0K [0x00000000d4200000, 0x0000000100000000)
  region size 1024K, 0 young (0K), 0 survivors (0K)

[error occurred during error reporting (printing heap information), id 0xc0000005, EXCEPTION_ACCESS_VIOLATION (0xc0000005) at pc=0x00007ffa49c5c399]

GC Heap History (0 events):
No events

Deoptimization events (0 events):
No events

Classes unloaded (0 events):
No events

Classes redefined (0 events):
No events

Internal exceptions (0 events):
No events

VM Operations (0 events):
No events

Events (1 events):
Event: 0.301 Loaded shared library C:\Program Files\Java\jdk-17.0.5\bin\java.dll


Dynamic libraries:
0x00007ff615190000 - 0x00007ff6151a0000 	C:\Program Files\Java\jdk-17.0.5\bin\javaw.exe
0x00007ffa9b410000 - 0x00007ffa9b608000 	C:\WINDOWS\SYSTEM32\ntdll.dll
0x00007ffa9aa40000 - 0x00007ffa9aaff000 	C:\WINDOWS\System32\KERNEL32.DLL
0x00007ffa99260000 - 0x00007ffa99556000 	C:\WINDOWS\System32\KERNELBASE.dll
0x00007ffa98db0000 - 0x00007ffa98eb0000 	C:\WINDOWS\System32\ucrtbase.dll
0x00007ffa93a60000 - 0x00007ffa93a78000 	C:\Program Files\Java\jdk-17.0.5\bin\jli.dll
0x00007ffa8a720000 - 0x00007ffa8a73a000 	C:\Program Files\Java\jdk-17.0.5\bin\VCRUNTIME140.dll
0x00007ffa99bb0000 - 0x00007ffa99c5f000 	C:\WINDOWS\System32\ADVAPI32.dll
0x00007ffa9ad60000 - 0x00007ffa9adfe000 	C:\WINDOWS\System32\msvcrt.dll
0x00007ffa9ae00000 - 0x00007ffa9ae9c000 	C:\WINDOWS\System32\sechost.dll
0x00007ffa999d0000 - 0x00007ffa99af6000 	C:\WINDOWS\System32\RPCRT4.dll
0x00007ffa99fd0000 - 0x00007ffa9a16d000 	C:\WINDOWS\System32\USER32.dll
0x00007ffa98fd0000 - 0x00007ffa98ff2000 	C:\WINDOWS\System32\win32u.dll
0x00007ffa9ad30000 - 0x00007ffa9ad5c000 	C:\WINDOWS\System32\GDI32.dll
0x00007ffa86a30000 - 0x00007ffa86cca000 	C:\WINDOWS\WinSxS\amd64_microsoft.windows.common-controls_6595b64144ccf1df_6.0.19041.1110_none_60b5254171f9507e\COMCTL32.dll
0x00007ffa98eb0000 - 0x00007ffa98fc5000 	C:\WINDOWS\System32\gdi32full.dll
0x00007ffa98be0000 - 0x00007ffa98c7d000 	C:\WINDOWS\System32\msvcp_win.dll
0x00007ffa972d0000 - 0x00007ffa972da000 	C:\WINDOWS\SYSTEM32\VERSION.dll
0x00007ffa9b200000 - 0x00007ffa9b230000 	C:\WINDOWS\System32\IMM32.DLL
0x00007ffa8c0d0000 - 0x00007ffa8c0dc000 	C:\Program Files\Java\jdk-17.0.5\bin\vcruntime140_1.dll
0x00007ffa7f2b0000 - 0x00007ffa7f33d000 	C:\Program Files\Java\jdk-17.0.5\bin\msvcp140.dll
0x00007ffa49590000 - 0x00007ffa4a152000 	C:\Program Files\Java\jdk-17.0.5\bin\server\jvm.dll
0x00007ffa9ab70000 - 0x00007ffa9ab78000 	C:\WINDOWS\System32\PSAPI.DLL
0x00007ffa896c0000 - 0x00007ffa896c9000 	C:\WINDOWS\SYSTEM32\WSOCK32.dll
0x00007ffa90b00000 - 0x00007ffa90b27000 	C:\WINDOWS\SYSTEM32\WINMM.dll
0x00007ffa9ab00000 - 0x00007ffa9ab6b000 	C:\WINDOWS\System32\WS2_32.dll
0x00007ffa973d0000 - 0x00007ffa973e2000 	C:\WINDOWS\SYSTEM32\kernel.appcore.dll
0x00007ffa8a710000 - 0x00007ffa8a71a000 	C:\Program Files\Java\jdk-17.0.5\bin\jimage.dll
0x00007ffa89f40000 - 0x00007ffa8a124000 	C:\WINDOWS\SYSTEM32\DBGHELP.DLL
0x00007ffa8bdd0000 - 0x00007ffa8be04000 	C:\WINDOWS\SYSTEM32\dbgcore.DLL
0x00007ffa99070000 - 0x00007ffa990f2000 	C:\WINDOWS\System32\bcryptPrimitives.dll
0x00007ffa851d0000 - 0x00007ffa851f5000 	C:\Program Files\Java\jdk-17.0.5\bin\java.dll

dbghelp: loaded successfully - version: 4.0.5 - missing functions: none
symbol engine: initialized successfully - sym options: 0x614 - pdb path: .;C:\Program Files\Java\jdk-17.0.5\bin;C:\WINDOWS\SYSTEM32;C:\WINDOWS\WinSxS\amd64_microsoft.windows.common-controls_6595b64144ccf1df_6.0.19041.1110_none_60b5254171f9507e;C:\Program Files\Java\jdk-17.0.5\bin\server

VM Arguments:
jvm_args: -Dfile.encoding=UTF-8 -XX:+ShowCodeDetailsInExceptionMessages 
java_command: com.in28minutes.microservices.namingserver.NamingServerApplication
java_class_path (initial): C:\MyJavaLearning\in28minutesMicroservicescourse\naming-server\naming-server\target\classes;C:\Users\PC\.m2\repository\org\springframework\boot\spring-boot-starter-actuator\3.0.3\spring-boot-starter-actuator-3.0.3.jar;C:\Users\PC\.m2\repository\org\springframework\boot\spring-boot-starter\3.0.3\spring-boot-starter-3.0.3.jar;C:\Users\PC\.m2\repository\org\springframework\boot\spring-boot-starter-logging\3.0.3\spring-boot-starter-logging-3.0.3.jar;C:\Users\PC\.m2\repository\ch\qos\logback\logback-classic\1.4.5\logback-classic-1.4.5.jar;C:\Users\PC\.m2\repository\ch\qos\logback\logback-core\1.4.5\logback-core-1.4.5.jar;C:\Users\PC\.m2\repository\org\apache\logging\log4j\log4j-to-slf4j\2.19.0\log4j-to-slf4j-2.19.0.jar;C:\Users\PC\.m2\repository\org\apache\logging\log4j\log4j-api\2.19.0\log4j-api-2.19.0.jar;C:\Users\PC\.m2\repository\org\slf4j\jul-to-slf4j\2.0.6\jul-to-slf4j-2.0.6.jar;C:\Users\PC\.m2\repository\jakarta\annotation\jakarta.annotation-api\2.1.1\jakarta.annotation-api-2.1.1.jar;C:\Users\PC\.m2\repository\org\yaml\snakeyaml\1.33\snakeyaml-1.33.jar;C:\Users\PC\.m2\repository\org\springframework\boot\spring-boot-actuator-autoconfigure\3.0.3\spring-boot-actuator-autoconfigure-3.0.3.jar;C:\Users\PC\.m2\repository\org\springframework\boot\spring-boot-actuator\3.0.3\spring-boot-actuator-3.0.3.jar;C:\Users\PC\.m2\repository\com\fasterxml\jackson\core\jackson-databind\2.14.2\jackson-databind-2.14.2.jar;C:\Users\PC\.m2\repository\com\fasterxml\jackson\core\jackson-annotations\2.14.2\jackson-annotations-2.14.2.jar;C:\Users\PC\.m2\repository\com\fasterxml\jackson\core\jackson-core\2.14.2\jackson-core-2.14.2.jar;C:\Users\PC\.m2\repository\com\fasterxml\jackson\datatype\jackson-datatype-jsr310\2.14.2\jackson-datatype-jsr310-2.14.2.jar;C:\Users\PC\.m2\repository\io\micrometer\micrometer-observation\1.10.4\micrometer-observation-1.10.4.jar;C:\Users\PC\.m2\repository\io\micrometer\micrometer-commons\1.10.4\micrometer-commons-1.10.4.jar;C:\Users\P
Launcher Type: SUN_STANDARD

[Global flags]
     intx CICompilerCount                          = 3                                         {product} {ergonomic}
     uint ConcGCThreads                            = 1                                         {product} {ergonomic}
     uint G1ConcRefinementThreads                  = 4                                         {product} {ergonomic}
   size_t G1HeapRegionSize                         = 1048576                                   {product} {ergonomic}
    uintx GCDrainStackTargetSize                   = 64                                        {product} {ergonomic}
   size_t InitialHeapSize                          = 46137344                                  {product} {ergonomic}
   size_t MarkStackSize                            = 4194304                                   {product} {ergonomic}
   size_t MaxHeapSize                              = 736100352                                 {product} {ergonomic}
   size_t MinHeapDeltaBytes                        = 1048576                                   {product} {ergonomic}
   size_t MinHeapSize                              = 8388608                                   {product} {ergonomic}
    uintx NonNMethodCodeHeapSize                   = 5832780                                {pd product} {ergonomic}
    uintx NonProfiledCodeHeapSize                  = 122912730                              {pd product} {ergonomic}
    uintx ProfiledCodeHeapSize                     = 122912730                              {pd product} {ergonomic}
    uintx ReservedCodeCacheSize                    = 251658240                              {pd product} {ergonomic}
     bool SegmentedCodeCache                       = true                                      {product} {ergonomic}
     bool ShowCodeDetailsInExceptionMessages       = true                                   {manageable} {command line}
   size_t SoftMaxHeapSize                          = 736100352                              {manageable} {ergonomic}
     bool UseCompressedClassPointers               = true                           {product lp64_product} {ergonomic}
     bool UseCompressedOops                        = true                           {product lp64_product} {ergonomic}
     bool UseG1GC                                  = true                                      {product} {ergonomic}
     bool UseLargePagesIndividualAllocation        = false                                  {pd product} {ergonomic}

Logging:
Log output configuration:
 #0: stdout all=warning uptime,level,tags
 #1: stderr all=off uptime,level,tags

Environment Variables:
JAVA_HOME=C:\Program Files\Amazon Corretto\jdk11.0.16_9
PATH=C:\Program Files\Common Files\Oracle\Java\javapath;C:\Program Files\Amazon Corretto\jdk11.0.16_9\bin;C:\Windows\system32;C:\Windows;C:\Windows\System32\Wbem;C:\Windows\System32\WindowsPowerShell\v1.0\;C:\Program Files (x86)\NVIDIA Corporation\PhysX\Common;C:\WINDOWS\system32;C:\WINDOWS;C:\WINDOWS\System32\Wbem;C:\WINDOWS\System32\WindowsPowerShell\v1.0\;C:\WINDOWS\System32\OpenSSH\;C:\Program Files\Java\jdk-17.0.5;C:\Program Files\Git\cmd;C:\Program Files\MySQL\MySQL Server 8.0\bin;;C:\Program Files\Docker\Docker\resources\bin;C:\Program Files\MySQL\MySQL Shell 8.0\bin\;C:\Users\PC\AppData\Local\Microsoft\WindowsApps;C:\Users\PC\AppData\Local\Programs\Microsoft VS Code\bin;C:\Users\PC\AppData\Local\Google\Cloud SDK\google-cloud-sdk\bin;C:\Program Files\MySQL\MySQL Server 8.0\bin;
USERNAME=PC
OS=Windows_NT
PROCESSOR_IDENTIFIER=Intel64 Family 6 Model 37 Stepping 5, GenuineIntel



---------------  S Y S T E M  ---------------

OS:
 Windows 10 , 64 bit Build 19041 (10.0.19041.3155)
OS uptime: 3 days 0:29 hours
Hyper-V role detected

CPU: total 4 (initial active 4) (2 cores per cpu, 2 threads per core) family 6 model 37 stepping 5 microcode 0x7, cx8, cmov, fxsr, ht, mmx, sse, sse2, sse3, ssse3, sse4.1, sse4.2, popcnt, tsc, tscinvbit, clflush, hv

Memory: 4k page, system-wide physical 2806M (167M free)
TotalPageFile size 11510M (AvailPageFile size 22M)
current process WorkingSet (physical memory assigned to process): 10M, peak: 10M
current process commit charge ("private bytes"): 51M, peak: 95M

vm_info: Java HotSpot(TM) 64-Bit Server VM (17.0.5+9-LTS-191) for windows-amd64 JRE (17.0.5+9-LTS-191), built on Sep 13 2022 17:31:43 by "mach5one" with MS VC++ 16.8 / 16.9 (VS2019)

END.
