#
# There is insufficient memory for the Java Runtime Environment to continue.
# Native memory allocation (malloc) failed to allocate 1498736 bytes for Chunk::new
# Possible reasons:
#   The system is out of physical RAM or swap space
#   The process is running with CompressedOops enabled, and the Java Heap may be blocking the growth of the native heap
# Possible solutions:
#   Reduce memory load on the system
#   Increase physical memory or swap space
#   Check if swap backing store is full
#   Decrease Java heap size (-Xmx/-Xms)
#   Decrease number of Java threads
#   Decrease Java thread stack sizes (-Xss)
#   Set larger code cache with -XX:ReservedCodeCacheSize=
#   JVM is running with Unscaled Compressed Oops mode in which the Java heap is
#     placed in the first 4GB address space. The Java Heap base address is the
#     maximum limit for the native heap growth. Please use -XX:HeapBaseMinAddress
#     to set the Java Heap base and to place the Java Heap above 4GB virtual address.
# This output file may be truncated or incomplete.
#
#  Out of Memory Error (arena.cpp:189), pid=10372, tid=5680
#
# JRE version: Java(TM) SE Runtime Environment (17.0.5+9) (build 17.0.5+9-LTS-191)
# Java VM: Java HotSpot(TM) 64-Bit Server VM (17.0.5+9-LTS-191, mixed mode, sharing, tiered, compressed oops, compressed class ptrs, g1 gc, windows-amd64)
# No core dump will be written. Minidumps are not enabled by default on client versions of Windows
#

---------------  S U M M A R Y ------------

Command Line: -Dfile.encoding=UTF-8 -XX:+ShowCodeDetailsInExceptionMessages com.in28minutes.microservices.currencyexchangeservice.CurrencyExchangeServiceApplication

Host: Intel(R) Core(TM) i3 CPU       M 370  @ 2.40GHz, 4 cores, 2G,  Windows 10 , 64 bit Build 19041 (10.0.19041.2546)
Time: Wed Mar 15 17:48:12 2023 India Standard Time elapsed time: 217.565997 seconds (0d 0h 3m 37s)

---------------  T H R E A D  ---------------

Current thread (0x0000018c1c444380):  JavaThread "C2 CompilerThread0" daemon [_thread_in_native, id=5680, stack(0x0000001cfca00000,0x0000001cfcb00000)]


Current CompileTask:
C2: 217567 7062   !   4       org.springframework.beans.factory.support.DefaultListableBeanFactory::doGetBeanNamesForType (505 bytes)

Stack: [0x0000001cfca00000,0x0000001cfcb00000]
Native frames: (J=compiled Java code, j=interpreted, Vv=VM code, C=native code)
V  [jvm.dll+0x672eea]
V  [jvm.dll+0x7d2a04]
V  [jvm.dll+0x7d41ae]
V  [jvm.dll+0x7d4813]
V  [jvm.dll+0x242c15]
V  [jvm.dll+0xaa57b]
V  [jvm.dll+0xaab0c]
V  [jvm.dll+0x35ff42]
V  [jvm.dll+0x32a631]
V  [jvm.dll+0x329ada]
V  [jvm.dll+0x215cc1]
V  [jvm.dll+0x2150e1]
V  [jvm.dll+0x1a18ed]
V  [jvm.dll+0x22493a]
V  [jvm.dll+0x222aa5]
V  [jvm.dll+0x7885db]
V  [jvm.dll+0x782b4a]
V  [jvm.dll+0x671d75]
C  [ucrtbase.dll+0x21bb2]
C  [KERNEL32.DLL+0x17614]
C  [ntdll.dll+0x526a1]


---------------  P R O C E S S  ---------------

Threads class SMR info:
_java_thread_list=0x0000018c3b109e60, length=21, elements={
0x0000018c1c38ca90, 0x0000018c1c42c370, 0x0000018c1c42fb20, 0x0000018c1c43fc90,
0x0000018c1c442560, 0x0000018c1c442e20, 0x0000018c1c4436e0, 0x0000018c1c444380,
0x0000018c38bc8770, 0x0000018c38be3ba0, 0x0000018c39985700, 0x0000018c38c4c7f0,
0x0000018c3a1760a0, 0x0000018c3a1ae8e0, 0x0000018c3e5a0640, 0x0000018c3b17f030,
0x0000018c3ccdb020, 0x0000018c3ccdb4f0, 0x0000018c3ccc4590, 0x0000018c3ccc3bf0,
0x0000018c3ccc5400
}

Java Threads: ( => current thread )
  0x0000018c1c38ca90 JavaThread "main" [_thread_blocked, id=8936, stack(0x0000001cfbd00000,0x0000001cfbe00000)]
  0x0000018c1c42c370 JavaThread "Reference Handler" daemon [_thread_blocked, id=11416, stack(0x0000001cfc400000,0x0000001cfc500000)]
  0x0000018c1c42fb20 JavaThread "Finalizer" daemon [_thread_blocked, id=11756, stack(0x0000001cfc500000,0x0000001cfc600000)]
  0x0000018c1c43fc90 JavaThread "Signal Dispatcher" daemon [_thread_blocked, id=13988, stack(0x0000001cfc600000,0x0000001cfc700000)]
  0x0000018c1c442560 JavaThread "Attach Listener" daemon [_thread_blocked, id=13800, stack(0x0000001cfc700000,0x0000001cfc800000)]
  0x0000018c1c442e20 JavaThread "Service Thread" daemon [_thread_blocked, id=12164, stack(0x0000001cfc800000,0x0000001cfc900000)]
  0x0000018c1c4436e0 JavaThread "Monitor Deflation Thread" daemon [_thread_blocked, id=2484, stack(0x0000001cfc900000,0x0000001cfca00000)]
=>0x0000018c1c444380 JavaThread "C2 CompilerThread0" daemon [_thread_in_native, id=5680, stack(0x0000001cfca00000,0x0000001cfcb00000)]
  0x0000018c38bc8770 JavaThread "C1 CompilerThread0" daemon [_thread_blocked, id=4356, stack(0x0000001cfcb00000,0x0000001cfcc00000)]
  0x0000018c38be3ba0 JavaThread "Sweeper thread" daemon [_thread_blocked, id=5456, stack(0x0000001cfcc00000,0x0000001cfcd00000)]
  0x0000018c39985700 JavaThread "Notification Thread" daemon [_thread_blocked, id=7528, stack(0x0000001cfcd00000,0x0000001cfce00000)]
  0x0000018c38c4c7f0 JavaThread "Common-Cleaner" daemon [_thread_blocked, id=13228, stack(0x0000001cfcf00000,0x0000001cfd000000)]
  0x0000018c3a1760a0 JavaThread "Thread-0" [_thread_blocked, id=15180, stack(0x0000001cfd300000,0x0000001cfd400000)]
  0x0000018c3a1ae8e0 JavaThread "restartedMain" [_thread_in_vm, id=5932, stack(0x0000001cfd400000,0x0000001cfd500000)]
  0x0000018c3e5a0640 JavaThread "BatchSpanProcessor_WorkerThread-1" daemon [_thread_blocked, id=13780, stack(0x0000001cfd600000,0x0000001cfd700000)]
  0x0000018c3b17f030 JavaThread "HikariPool-1 housekeeper" daemon [_thread_blocked, id=5288, stack(0x0000001cfd900000,0x0000001cfda00000)]
  0x0000018c3ccdb020 JavaThread "Catalina-utility-1" [_thread_blocked, id=15072, stack(0x0000001cfbb00000,0x0000001cfbc00000)]
  0x0000018c3ccdb4f0 JavaThread "Catalina-utility-2" [_thread_blocked, id=15328, stack(0x0000001cfbc00000,0x0000001cfbd00000)]
  0x0000018c3ccc4590 JavaThread "container-0" [_thread_blocked, id=13544, stack(0x0000001cfdb00000,0x0000001cfdc00000)]
  0x0000018c3ccc3bf0 JavaThread "spring.cloud.inetutils" daemon [_thread_blocked, id=2756, stack(0x0000001cfda00000,0x0000001cfdb00000)]
  0x0000018c3ccc5400 JavaThread "File Watcher" daemon [_thread_blocked, id=14376, stack(0x0000001cfdc00000,0x0000001cfdd00000)]

Other Threads:
  0x0000018c1c4270c0 VMThread "VM Thread" [stack: 0x0000001cfc300000,0x0000001cfc400000] [id=7808]
  0x0000018c39985bd0 WatcherThread [stack: 0x0000001cfce00000,0x0000001cfcf00000] [id=8780]
  0x0000018c1c3c1a20 GCTaskThread "GC Thread#0" [stack: 0x0000001cfbe00000,0x0000001cfbf00000] [id=3456]
  0x0000018c3a16a0b0 GCTaskThread "GC Thread#1" [stack: 0x0000001cfd000000,0x0000001cfd100000] [id=14144]
  0x0000018c3aa72830 GCTaskThread "GC Thread#2" [stack: 0x0000001cfd100000,0x0000001cfd200000] [id=14368]
  0x0000018c3a1f50f0 GCTaskThread "GC Thread#3" [stack: 0x0000001cfd200000,0x0000001cfd300000] [id=6036]
  0x0000018c1c3c8630 ConcurrentGCThread "G1 Main Marker" [stack: 0x0000001cfbf00000,0x0000001cfc000000] [id=15152]
  0x0000018c1c3c8f50 ConcurrentGCThread "G1 Conc#0" [stack: 0x0000001cfc000000,0x0000001cfc100000] [id=8480]
  0x0000018c1c4034e0 ConcurrentGCThread "G1 Refine#0" [stack: 0x0000001cfc100000,0x0000001cfc200000] [id=8712]
  0x0000018c1c4055c0 ConcurrentGCThread "G1 Service" [stack: 0x0000001cfc200000,0x0000001cfc300000] [id=8536]

Threads with active compile tasks:
C2 CompilerThread0   217760 7062   !   4       org.springframework.beans.factory.support.DefaultListableBeanFactory::doGetBeanNamesForType (505 bytes)

VM state: not at safepoint (normal execution)

VM Mutex/Monitor currently owned by a thread: None

Heap address: 0x00000000d1200000, size: 750 MB, Compressed Oops mode: 32-bit

CDS archive(s) mapped at: [0x0000000800000000-0x0000000800bd0000-0x0000000800bd0000), size 12386304, SharedBaseAddress: 0x0000000800000000, ArchiveRelocationMode: 0.
Compressed class space mapped at: 0x0000000800c00000-0x0000000840c00000, reserved size: 1073741824
Narrow klass base: 0x0000000800000000, Narrow klass shift: 0, Narrow klass range: 0x100000000

GC Precious Log:
 CPUs: 4 total, 4 available
 Memory: 2998M
 Large Page Support: Disabled
 NUMA Support: Disabled
 Compressed Oops: Enabled (32-bit)
 Heap Region Size: 1M
 Heap Min Capacity: 8M
 Heap Initial Capacity: 48M
 Heap Max Capacity: 750M
 Pre-touch: Disabled
 Parallel Workers: 4
 Concurrent Workers: 1
 Concurrent Refinement Workers: 4
 Periodic GC: Disabled

Heap:
 garbage-first heap   total 163840K, used 116690K [0x00000000d1200000, 0x0000000100000000)
  region size 1024K, 77 young (78848K), 8 survivors (8192K)
 Metaspace       used 74518K, committed 75008K, reserved 1114112K
  class space    used 10166K, committed 10368K, reserved 1048576K

Heap Regions: E=young(eden), S=young(survivor), O=old, HS=humongous(starts), HC=humongous(continues), CS=collection set, F=free, OA=open archive, CA=closed archive, TAMS=top-at-mark-start (previous, next)
|   0|0x00000000d1200000, 0x00000000d1300000, 0x00000000d1300000|100%|HS|  |TAMS 0x00000000d1300000, 0x00000000d1200000| Complete 
|   1|0x00000000d1300000, 0x00000000d1400000, 0x00000000d1400000|100%| O|  |TAMS 0x00000000d1400000, 0x00000000d1300000| Untracked 
|   2|0x00000000d1400000, 0x00000000d1500000, 0x00000000d1500000|100%| O|  |TAMS 0x00000000d1500000, 0x00000000d1400000| Untracked 
|   3|0x00000000d1500000, 0x00000000d1600000, 0x00000000d1600000|100%| O|  |TAMS 0x00000000d1600000, 0x00000000d1500000| Untracked 
|   4|0x00000000d1600000, 0x00000000d1700000, 0x00000000d1700000|100%| O|  |TAMS 0x00000000d1700000, 0x00000000d1600000| Untracked 
|   5|0x00000000d1700000, 0x00000000d1800000, 0x00000000d1800000|100%| O|  |TAMS 0x00000000d1800000, 0x00000000d1700000| Untracked 
|   6|0x00000000d1800000, 0x00000000d1900000, 0x00000000d1900000|100%| O|  |TAMS 0x00000000d1900000, 0x00000000d1800000| Untracked 
|   7|0x00000000d1900000, 0x00000000d1a00000, 0x00000000d1a00000|100%| O|  |TAMS 0x00000000d1a00000, 0x00000000d1900000| Untracked 
|   8|0x00000000d1a00000, 0x00000000d1b00000, 0x00000000d1b00000|100%| O|  |TAMS 0x00000000d1b00000, 0x00000000d1a00000| Untracked 
|   9|0x00000000d1b00000, 0x00000000d1c00000, 0x00000000d1c00000|100%| O|  |TAMS 0x00000000d1c00000, 0x00000000d1b00000| Untracked 
|  10|0x00000000d1c00000, 0x00000000d1d00000, 0x00000000d1d00000|100%| O|  |TAMS 0x00000000d1d00000, 0x00000000d1c00000| Untracked 
|  11|0x00000000d1d00000, 0x00000000d1e00000, 0x00000000d1e00000|100%| O|  |TAMS 0x00000000d1e00000, 0x00000000d1d00000| Untracked 
|  12|0x00000000d1e00000, 0x00000000d1f00000, 0x00000000d1f00000|100%| O|  |TAMS 0x00000000d1e00000, 0x00000000d1e00000| Untracked 
|  13|0x00000000d1f00000, 0x00000000d2000000, 0x00000000d2000000|100%| O|  |TAMS 0x00000000d2000000, 0x00000000d1f00000| Untracked 
|  14|0x00000000d2000000, 0x00000000d2100000, 0x00000000d2100000|100%| O|  |TAMS 0x00000000d2100000, 0x00000000d2000000| Untracked 
|  15|0x00000000d2100000, 0x00000000d2200000, 0x00000000d2200000|100%| O|  |TAMS 0x00000000d2200000, 0x00000000d2100000| Untracked 
|  16|0x00000000d2200000, 0x00000000d2300000, 0x00000000d2300000|100%| O|  |TAMS 0x00000000d2300000, 0x00000000d2200000| Untracked 
|  17|0x00000000d2300000, 0x00000000d2400000, 0x00000000d2400000|100%| O|  |TAMS 0x00000000d2400000, 0x00000000d2300000| Untracked 
|  18|0x00000000d2400000, 0x00000000d2500000, 0x00000000d2500000|100%| O|  |TAMS 0x00000000d2500000, 0x00000000d2400000| Untracked 
|  19|0x00000000d2500000, 0x00000000d2600000, 0x00000000d2600000|100%| O|  |TAMS 0x00000000d2600000, 0x00000000d2500000| Untracked 
|  20|0x00000000d2600000, 0x00000000d2700000, 0x00000000d2700000|100%| O|  |TAMS 0x00000000d2700000, 0x00000000d2600000| Untracked 
|  21|0x00000000d2700000, 0x00000000d2800000, 0x00000000d2800000|100%| O|  |TAMS 0x00000000d2800000, 0x00000000d2700000| Untracked 
|  22|0x00000000d2800000, 0x00000000d2900000, 0x00000000d2900000|100%| O|  |TAMS 0x00000000d2900000, 0x00000000d2800000| Untracked 
|  23|0x00000000d2900000, 0x00000000d2a00000, 0x00000000d2a00000|100%| O|  |TAMS 0x00000000d2a00000, 0x00000000d2900000| Untracked 
|  24|0x00000000d2a00000, 0x00000000d2b00000, 0x00000000d2b00000|100%| O|  |TAMS 0x00000000d2b00000, 0x00000000d2a00000| Untracked 
|  25|0x00000000d2b00000, 0x00000000d2c00000, 0x00000000d2c00000|100%| O|  |TAMS 0x00000000d2c00000, 0x00000000d2b00000| Untracked 
|  26|0x00000000d2c00000, 0x00000000d2d00000, 0x00000000d2d00000|100%| O|  |TAMS 0x00000000d2d00000, 0x00000000d2c00000| Untracked 
|  27|0x00000000d2d00000, 0x00000000d2e00000, 0x00000000d2e00000|100%| O|  |TAMS 0x00000000d2e00000, 0x00000000d2d00000| Untracked 
|  28|0x00000000d2e00000, 0x00000000d2f00000, 0x00000000d2f00000|100%| O|  |TAMS 0x00000000d2f00000, 0x00000000d2e00000| Untracked 
|  29|0x00000000d2f00000, 0x00000000d3000000, 0x00000000d3000000|100%| O|  |TAMS 0x00000000d3000000, 0x00000000d2f00000| Untracked 
|  30|0x00000000d3000000, 0x00000000d3100000, 0x00000000d3100000|100%| O|  |TAMS 0x00000000d3100000, 0x00000000d3000000| Untracked 
|  31|0x00000000d3100000, 0x00000000d3200000, 0x00000000d3200000|100%| O|  |TAMS 0x00000000d3200000, 0x00000000d3100000| Untracked 
|  32|0x00000000d3200000, 0x00000000d3200000, 0x00000000d3300000|  0%| F|  |TAMS 0x00000000d3200000, 0x00000000d3200000| Untracked 
|  33|0x00000000d3300000, 0x00000000d3400000, 0x00000000d3400000|100%| O|  |TAMS 0x00000000d3400000, 0x00000000d3300000| Untracked 
|  34|0x00000000d3400000, 0x00000000d3500000, 0x00000000d3500000|100%| O|  |TAMS 0x00000000d3500000, 0x00000000d3400000| Untracked 
|  35|0x00000000d3500000, 0x00000000d3600000, 0x00000000d3600000|100%| O|  |TAMS 0x00000000d3600000, 0x00000000d3500000| Untracked 
|  36|0x00000000d3600000, 0x00000000d3700000, 0x00000000d3700000|100%| O|  |TAMS 0x00000000d3700000, 0x00000000d3600000| Untracked 
|  37|0x00000000d3700000, 0x00000000d3800000, 0x00000000d3800000|100%| O|  |TAMS 0x00000000d3785e00, 0x00000000d3700000| Untracked 
|  38|0x00000000d3800000, 0x00000000d3900000, 0x00000000d3900000|100%| O|  |TAMS 0x00000000d3800000, 0x00000000d3800000| Untracked 
|  39|0x00000000d3900000, 0x00000000d3941600, 0x00000000d3a00000| 25%| O|  |TAMS 0x00000000d3900000, 0x00000000d3900000| Untracked 
|  40|0x00000000d3a00000, 0x00000000d3a00000, 0x00000000d3b00000|  0%| F|  |TAMS 0x00000000d3a00000, 0x00000000d3a00000| Untracked 
|  41|0x00000000d3b00000, 0x00000000d3b00000, 0x00000000d3c00000|  0%| F|  |TAMS 0x00000000d3b00000, 0x00000000d3b00000| Untracked 
|  42|0x00000000d3c00000, 0x00000000d3c00000, 0x00000000d3d00000|  0%| F|  |TAMS 0x00000000d3c00000, 0x00000000d3c00000| Untracked 
|  43|0x00000000d3d00000, 0x00000000d3d00000, 0x00000000d3e00000|  0%| F|  |TAMS 0x00000000d3d00000, 0x00000000d3d00000| Untracked 
|  44|0x00000000d3e00000, 0x00000000d3e00000, 0x00000000d3f00000|  0%| F|  |TAMS 0x00000000d3e00000, 0x00000000d3e00000| Untracked 
|  45|0x00000000d3f00000, 0x00000000d3f00000, 0x00000000d4000000|  0%| F|  |TAMS 0x00000000d3f00000, 0x00000000d3f00000| Untracked 
|  46|0x00000000d4000000, 0x00000000d4000000, 0x00000000d4100000|  0%| F|  |TAMS 0x00000000d4000000, 0x00000000d4000000| Untracked 
|  47|0x00000000d4100000, 0x00000000d4100000, 0x00000000d4200000|  0%| F|  |TAMS 0x00000000d4100000, 0x00000000d4100000| Untracked 
|  48|0x00000000d4200000, 0x00000000d4200000, 0x00000000d4300000|  0%| F|  |TAMS 0x00000000d4200000, 0x00000000d4200000| Untracked 
|  49|0x00000000d4300000, 0x00000000d4300000, 0x00000000d4400000|  0%| F|  |TAMS 0x00000000d4300000, 0x00000000d4300000| Untracked 
|  50|0x00000000d4400000, 0x00000000d4400000, 0x00000000d4500000|  0%| F|  |TAMS 0x00000000d4400000, 0x00000000d4400000| Untracked 
|  51|0x00000000d4500000, 0x00000000d4500000, 0x00000000d4600000|  0%| F|  |TAMS 0x00000000d4500000, 0x00000000d4500000| Untracked 
|  52|0x00000000d4600000, 0x00000000d4600000, 0x00000000d4700000|  0%| F|  |TAMS 0x00000000d4600000, 0x00000000d4600000| Untracked 
|  53|0x00000000d4700000, 0x00000000d4700000, 0x00000000d4800000|  0%| F|  |TAMS 0x00000000d4700000, 0x00000000d4700000| Untracked 
|  54|0x00000000d4800000, 0x00000000d4800000, 0x00000000d4900000|  0%| F|  |TAMS 0x00000000d4800000, 0x00000000d4800000| Untracked 
|  55|0x00000000d4900000, 0x00000000d4900000, 0x00000000d4a00000|  0%| F|  |TAMS 0x00000000d4900000, 0x00000000d4900000| Untracked 
|  56|0x00000000d4a00000, 0x00000000d4a00000, 0x00000000d4b00000|  0%| F|  |TAMS 0x00000000d4a00000, 0x00000000d4a00000| Untracked 
|  57|0x00000000d4b00000, 0x00000000d4b00000, 0x00000000d4c00000|  0%| F|  |TAMS 0x00000000d4b00000, 0x00000000d4b00000| Untracked 
|  58|0x00000000d4c00000, 0x00000000d4c00000, 0x00000000d4d00000|  0%| F|  |TAMS 0x00000000d4c00000, 0x00000000d4c00000| Untracked 
|  59|0x00000000d4d00000, 0x00000000d4d00000, 0x00000000d4e00000|  0%| F|  |TAMS 0x00000000d4d00000, 0x00000000d4d00000| Untracked 
|  60|0x00000000d4e00000, 0x00000000d4e00000, 0x00000000d4f00000|  0%| F|  |TAMS 0x00000000d4e00000, 0x00000000d4e00000| Untracked 
|  61|0x00000000d4f00000, 0x00000000d4f00000, 0x00000000d5000000|  0%| F|  |TAMS 0x00000000d4f00000, 0x00000000d4f00000| Untracked 
|  62|0x00000000d5000000, 0x00000000d5000000, 0x00000000d5100000|  0%| F|  |TAMS 0x00000000d5000000, 0x00000000d5000000| Untracked 
|  63|0x00000000d5100000, 0x00000000d51b33e0, 0x00000000d5200000| 70%| S|CS|TAMS 0x00000000d5100000, 0x00000000d5100000| Complete 
|  64|0x00000000d5200000, 0x00000000d5300000, 0x00000000d5300000|100%| S|CS|TAMS 0x00000000d5200000, 0x00000000d5200000| Complete 
|  65|0x00000000d5300000, 0x00000000d5400000, 0x00000000d5400000|100%| S|CS|TAMS 0x00000000d5300000, 0x00000000d5300000| Complete 
|  66|0x00000000d5400000, 0x00000000d5500000, 0x00000000d5500000|100%| S|CS|TAMS 0x00000000d5400000, 0x00000000d5400000| Complete 
|  67|0x00000000d5500000, 0x00000000d5600000, 0x00000000d5600000|100%| S|CS|TAMS 0x00000000d5500000, 0x00000000d5500000| Complete 
|  68|0x00000000d5600000, 0x00000000d5600000, 0x00000000d5700000|  0%| F|  |TAMS 0x00000000d5600000, 0x00000000d5600000| Untracked 
|  69|0x00000000d5700000, 0x00000000d5700000, 0x00000000d5800000|  0%| F|  |TAMS 0x00000000d5700000, 0x00000000d5700000| Untracked 
|  70|0x00000000d5800000, 0x00000000d5800000, 0x00000000d5900000|  0%| F|  |TAMS 0x00000000d5800000, 0x00000000d5800000| Untracked 
|  71|0x00000000d5900000, 0x00000000d5900000, 0x00000000d5a00000|  0%| F|  |TAMS 0x00000000d5900000, 0x00000000d5900000| Untracked 
|  72|0x00000000d5a00000, 0x00000000d5a00000, 0x00000000d5b00000|  0%| F|  |TAMS 0x00000000d5a00000, 0x00000000d5a00000| Untracked 
|  73|0x00000000d5b00000, 0x00000000d5c00000, 0x00000000d5c00000|100%| S|CS|TAMS 0x00000000d5b00000, 0x00000000d5b00000| Complete 
|  74|0x00000000d5c00000, 0x00000000d5d00000, 0x00000000d5d00000|100%| S|CS|TAMS 0x00000000d5c00000, 0x00000000d5c00000| Complete 
|  75|0x00000000d5d00000, 0x00000000d5e00000, 0x00000000d5e00000|100%| S|CS|TAMS 0x00000000d5d00000, 0x00000000d5d00000| Complete 
|  76|0x00000000d5e00000, 0x00000000d5e00000, 0x00000000d5f00000|  0%| F|  |TAMS 0x00000000d5e00000, 0x00000000d5e00000| Untracked 
|  77|0x00000000d5f00000, 0x00000000d5f00000, 0x00000000d6000000|  0%| F|  |TAMS 0x00000000d5f00000, 0x00000000d5f00000| Untracked 
|  78|0x00000000d6000000, 0x00000000d6000000, 0x00000000d6100000|  0%| F|  |TAMS 0x00000000d6000000, 0x00000000d6000000| Untracked 
|  79|0x00000000d6100000, 0x00000000d6100000, 0x00000000d6200000|  0%| F|  |TAMS 0x00000000d6100000, 0x00000000d6100000| Untracked 
|  80|0x00000000d6200000, 0x00000000d6200000, 0x00000000d6300000|  0%| F|  |TAMS 0x00000000d6200000, 0x00000000d6200000| Untracked 
|  81|0x00000000d6300000, 0x00000000d6300000, 0x00000000d6400000|  0%| F|  |TAMS 0x00000000d6300000, 0x00000000d6300000| Untracked 
|  82|0x00000000d6400000, 0x00000000d6400000, 0x00000000d6500000|  0%| F|  |TAMS 0x00000000d6400000, 0x00000000d6400000| Untracked 
|  83|0x00000000d6500000, 0x00000000d6500000, 0x00000000d6600000|  0%| F|  |TAMS 0x00000000d6500000, 0x00000000d6500000| Untracked 
|  84|0x00000000d6600000, 0x00000000d6600000, 0x00000000d6700000|  0%| F|  |TAMS 0x00000000d6600000, 0x00000000d6600000| Untracked 
|  85|0x00000000d6700000, 0x00000000d6700000, 0x00000000d6800000|  0%| F|  |TAMS 0x00000000d6700000, 0x00000000d6700000| Untracked 
|  86|0x00000000d6800000, 0x00000000d6800000, 0x00000000d6900000|  0%| F|  |TAMS 0x00000000d6800000, 0x00000000d6800000| Untracked 
|  87|0x00000000d6900000, 0x00000000d6900000, 0x00000000d6a00000|  0%| F|  |TAMS 0x00000000d6900000, 0x00000000d6900000| Untracked 
|  88|0x00000000d6a00000, 0x00000000d6a00000, 0x00000000d6b00000|  0%| F|  |TAMS 0x00000000d6a00000, 0x00000000d6a00000| Untracked 
|  89|0x00000000d6b00000, 0x00000000d6b00000, 0x00000000d6c00000|  0%| F|  |TAMS 0x00000000d6b00000, 0x00000000d6b00000| Untracked 
|  90|0x00000000d6c00000, 0x00000000d6c00000, 0x00000000d6d00000|  0%| F|  |TAMS 0x00000000d6c00000, 0x00000000d6c00000| Untracked 
|  91|0x00000000d6d00000, 0x00000000d6e00000, 0x00000000d6e00000|100%| E|  |TAMS 0x00000000d6d00000, 0x00000000d6d00000| Complete 
|  92|0x00000000d6e00000, 0x00000000d6f00000, 0x00000000d6f00000|100%| E|CS|TAMS 0x00000000d6e00000, 0x00000000d6e00000| Complete 
|  93|0x00000000d6f00000, 0x00000000d7000000, 0x00000000d7000000|100%| E|CS|TAMS 0x00000000d6f00000, 0x00000000d6f00000| Complete 
|  94|0x00000000d7000000, 0x00000000d7100000, 0x00000000d7100000|100%| E|CS|TAMS 0x00000000d7000000, 0x00000000d7000000| Complete 
|  95|0x00000000d7100000, 0x00000000d7200000, 0x00000000d7200000|100%| E|CS|TAMS 0x00000000d7100000, 0x00000000d7100000| Complete 
|  96|0x00000000d7200000, 0x00000000d7300000, 0x00000000d7300000|100%| E|CS|TAMS 0x00000000d7200000, 0x00000000d7200000| Complete 
|  97|0x00000000d7300000, 0x00000000d7400000, 0x00000000d7400000|100%| E|CS|TAMS 0x00000000d7300000, 0x00000000d7300000| Complete 
|  98|0x00000000d7400000, 0x00000000d7500000, 0x00000000d7500000|100%| E|CS|TAMS 0x00000000d7400000, 0x00000000d7400000| Complete 
|  99|0x00000000d7500000, 0x00000000d7600000, 0x00000000d7600000|100%| E|CS|TAMS 0x00000000d7500000, 0x00000000d7500000| Complete 
| 100|0x00000000d7600000, 0x00000000d7700000, 0x00000000d7700000|100%| E|CS|TAMS 0x00000000d7600000, 0x00000000d7600000| Complete 
| 101|0x00000000d7700000, 0x00000000d7800000, 0x00000000d7800000|100%| E|CS|TAMS 0x00000000d7700000, 0x00000000d7700000| Complete 
| 102|0x00000000d7800000, 0x00000000d7900000, 0x00000000d7900000|100%| E|CS|TAMS 0x00000000d7800000, 0x00000000d7800000| Complete 
| 103|0x00000000d7900000, 0x00000000d7a00000, 0x00000000d7a00000|100%| E|CS|TAMS 0x00000000d7900000, 0x00000000d7900000| Complete 
| 104|0x00000000d7a00000, 0x00000000d7b00000, 0x00000000d7b00000|100%| E|CS|TAMS 0x00000000d7a00000, 0x00000000d7a00000| Complete 
| 105|0x00000000d7b00000, 0x00000000d7c00000, 0x00000000d7c00000|100%| E|CS|TAMS 0x00000000d7b00000, 0x00000000d7b00000| Complete 
| 106|0x00000000d7c00000, 0x00000000d7d00000, 0x00000000d7d00000|100%| E|CS|TAMS 0x00000000d7c00000, 0x00000000d7c00000| Complete 
| 107|0x00000000d7d00000, 0x00000000d7e00000, 0x00000000d7e00000|100%| E|CS|TAMS 0x00000000d7d00000, 0x00000000d7d00000| Complete 
| 108|0x00000000d7e00000, 0x00000000d7f00000, 0x00000000d7f00000|100%| E|CS|TAMS 0x00000000d7e00000, 0x00000000d7e00000| Complete 
| 109|0x00000000d7f00000, 0x00000000d8000000, 0x00000000d8000000|100%| E|CS|TAMS 0x00000000d7f00000, 0x00000000d7f00000| Complete 
| 110|0x00000000d8000000, 0x00000000d8100000, 0x00000000d8100000|100%| E|CS|TAMS 0x00000000d8000000, 0x00000000d8000000| Complete 
| 111|0x00000000d8100000, 0x00000000d8200000, 0x00000000d8200000|100%| E|CS|TAMS 0x00000000d8100000, 0x00000000d8100000| Complete 
| 112|0x00000000d8200000, 0x00000000d8300000, 0x00000000d8300000|100%| E|CS|TAMS 0x00000000d8200000, 0x00000000d8200000| Complete 
| 113|0x00000000d8300000, 0x00000000d8400000, 0x00000000d8400000|100%| E|CS|TAMS 0x00000000d8300000, 0x00000000d8300000| Complete 
| 114|0x00000000d8400000, 0x00000000d8500000, 0x00000000d8500000|100%| E|CS|TAMS 0x00000000d8400000, 0x00000000d8400000| Complete 
| 115|0x00000000d8500000, 0x00000000d8600000, 0x00000000d8600000|100%| E|CS|TAMS 0x00000000d8500000, 0x00000000d8500000| Complete 
| 116|0x00000000d8600000, 0x00000000d8700000, 0x00000000d8700000|100%| E|CS|TAMS 0x00000000d8600000, 0x00000000d8600000| Complete 
| 117|0x00000000d8700000, 0x00000000d8800000, 0x00000000d8800000|100%| E|CS|TAMS 0x00000000d8700000, 0x00000000d8700000| Complete 
| 118|0x00000000d8800000, 0x00000000d8900000, 0x00000000d8900000|100%| E|CS|TAMS 0x00000000d8800000, 0x00000000d8800000| Complete 
| 119|0x00000000d8900000, 0x00000000d8a00000, 0x00000000d8a00000|100%| E|CS|TAMS 0x00000000d8900000, 0x00000000d8900000| Complete 
| 120|0x00000000d8a00000, 0x00000000d8b00000, 0x00000000d8b00000|100%| E|CS|TAMS 0x00000000d8a00000, 0x00000000d8a00000| Complete 
| 121|0x00000000d8b00000, 0x00000000d8c00000, 0x00000000d8c00000|100%| E|CS|TAMS 0x00000000d8b00000, 0x00000000d8b00000| Complete 
| 122|0x00000000d8c00000, 0x00000000d8d00000, 0x00000000d8d00000|100%| E|CS|TAMS 0x00000000d8c00000, 0x00000000d8c00000| Complete 
| 123|0x00000000d8d00000, 0x00000000d8e00000, 0x00000000d8e00000|100%| E|CS|TAMS 0x00000000d8d00000, 0x00000000d8d00000| Complete 
| 124|0x00000000d8e00000, 0x00000000d8f00000, 0x00000000d8f00000|100%| E|CS|TAMS 0x00000000d8e00000, 0x00000000d8e00000| Complete 
| 125|0x00000000d8f00000, 0x00000000d9000000, 0x00000000d9000000|100%| E|CS|TAMS 0x00000000d8f00000, 0x00000000d8f00000| Complete 
| 126|0x00000000d9000000, 0x00000000d9100000, 0x00000000d9100000|100%| E|CS|TAMS 0x00000000d9000000, 0x00000000d9000000| Complete 
| 127|0x00000000d9100000, 0x00000000d9200000, 0x00000000d9200000|100%| E|CS|TAMS 0x00000000d9100000, 0x00000000d9100000| Complete 
| 128|0x00000000d9200000, 0x00000000d9300000, 0x00000000d9300000|100%| E|CS|TAMS 0x00000000d9200000, 0x00000000d9200000| Complete 
| 129|0x00000000d9300000, 0x00000000d9400000, 0x00000000d9400000|100%| E|CS|TAMS 0x00000000d9300000, 0x00000000d9300000| Complete 
| 130|0x00000000d9400000, 0x00000000d9500000, 0x00000000d9500000|100%| E|CS|TAMS 0x00000000d9400000, 0x00000000d9400000| Complete 
| 131|0x00000000d9500000, 0x00000000d9600000, 0x00000000d9600000|100%| E|CS|TAMS 0x00000000d9500000, 0x00000000d9500000| Complete 
| 132|0x00000000d9600000, 0x00000000d9700000, 0x00000000d9700000|100%| E|CS|TAMS 0x00000000d9600000, 0x00000000d9600000| Complete 
| 133|0x00000000d9700000, 0x00000000d9800000, 0x00000000d9800000|100%| E|CS|TAMS 0x00000000d9700000, 0x00000000d9700000| Complete 
| 134|0x00000000d9800000, 0x00000000d9900000, 0x00000000d9900000|100%| E|CS|TAMS 0x00000000d9800000, 0x00000000d9800000| Complete 
| 135|0x00000000d9900000, 0x00000000d9a00000, 0x00000000d9a00000|100%| E|CS|TAMS 0x00000000d9900000, 0x00000000d9900000| Complete 
| 136|0x00000000d9a00000, 0x00000000d9b00000, 0x00000000d9b00000|100%| E|CS|TAMS 0x00000000d9a00000, 0x00000000d9a00000| Complete 
| 137|0x00000000d9b00000, 0x00000000d9c00000, 0x00000000d9c00000|100%| E|CS|TAMS 0x00000000d9b00000, 0x00000000d9b00000| Complete 
| 138|0x00000000d9c00000, 0x00000000d9d00000, 0x00000000d9d00000|100%| E|CS|TAMS 0x00000000d9c00000, 0x00000000d9c00000| Complete 
| 139|0x00000000d9d00000, 0x00000000d9e00000, 0x00000000d9e00000|100%| E|CS|TAMS 0x00000000d9d00000, 0x00000000d9d00000| Complete 
| 140|0x00000000d9e00000, 0x00000000d9f00000, 0x00000000d9f00000|100%| E|CS|TAMS 0x00000000d9e00000, 0x00000000d9e00000| Complete 
| 141|0x00000000d9f00000, 0x00000000da000000, 0x00000000da000000|100%| E|CS|TAMS 0x00000000d9f00000, 0x00000000d9f00000| Complete 
| 142|0x00000000da000000, 0x00000000da100000, 0x00000000da100000|100%| E|CS|TAMS 0x00000000da000000, 0x00000000da000000| Complete 
| 143|0x00000000da100000, 0x00000000da200000, 0x00000000da200000|100%| E|CS|TAMS 0x00000000da100000, 0x00000000da100000| Complete 
| 144|0x00000000da200000, 0x00000000da300000, 0x00000000da300000|100%| E|CS|TAMS 0x00000000da200000, 0x00000000da200000| Complete 
| 145|0x00000000da300000, 0x00000000da400000, 0x00000000da400000|100%| E|CS|TAMS 0x00000000da300000, 0x00000000da300000| Complete 
| 146|0x00000000da400000, 0x00000000da500000, 0x00000000da500000|100%| E|CS|TAMS 0x00000000da400000, 0x00000000da400000| Complete 
| 147|0x00000000da500000, 0x00000000da600000, 0x00000000da600000|100%| E|CS|TAMS 0x00000000da500000, 0x00000000da500000| Complete 
| 148|0x00000000da600000, 0x00000000da700000, 0x00000000da700000|100%| E|CS|TAMS 0x00000000da600000, 0x00000000da600000| Complete 
| 149|0x00000000da700000, 0x00000000da800000, 0x00000000da800000|100%| E|CS|TAMS 0x00000000da700000, 0x00000000da700000| Complete 
| 150|0x00000000da800000, 0x00000000da900000, 0x00000000da900000|100%| E|CS|TAMS 0x00000000da800000, 0x00000000da800000| Complete 
| 151|0x00000000da900000, 0x00000000daa00000, 0x00000000daa00000|100%| E|CS|TAMS 0x00000000da900000, 0x00000000da900000| Complete 
| 152|0x00000000daa00000, 0x00000000dab00000, 0x00000000dab00000|100%| E|CS|TAMS 0x00000000daa00000, 0x00000000daa00000| Complete 
| 153|0x00000000dab00000, 0x00000000dac00000, 0x00000000dac00000|100%| E|CS|TAMS 0x00000000dab00000, 0x00000000dab00000| Complete 
| 154|0x00000000dac00000, 0x00000000dad00000, 0x00000000dad00000|100%| E|CS|TAMS 0x00000000dac00000, 0x00000000dac00000| Complete 
| 155|0x00000000dad00000, 0x00000000dae00000, 0x00000000dae00000|100%| E|CS|TAMS 0x00000000dad00000, 0x00000000dad00000| Complete 
| 156|0x00000000dae00000, 0x00000000daf00000, 0x00000000daf00000|100%| E|CS|TAMS 0x00000000dae00000, 0x00000000dae00000| Complete 
| 157|0x00000000daf00000, 0x00000000db000000, 0x00000000db000000|100%| E|CS|TAMS 0x00000000daf00000, 0x00000000daf00000| Complete 
| 158|0x00000000db000000, 0x00000000db100000, 0x00000000db100000|100%| E|CS|TAMS 0x00000000db000000, 0x00000000db000000| Complete 
| 159|0x00000000db100000, 0x00000000db200000, 0x00000000db200000|100%| E|CS|TAMS 0x00000000db100000, 0x00000000db100000| Complete 

Card table byte_map: [0x0000018c34b70000,0x0000018c34cf0000] _byte_map_base: 0x0000018c344e7000

Marking Bits (Prev, Next): (CMBitMap*) 0x0000018c1c3c1f80, (CMBitMap*) 0x0000018c1c3c1f40
 Prev Bits: [0x0000018c35a30000, 0x0000018c365e8000)
 Next Bits: [0x0000018c34e70000, 0x0000018c35a28000)

Polling page: 0x0000018c253a0000

Metaspace:

Usage:
  Non-class:     62.86 MB used.
      Class:      9.94 MB used.
       Both:     72.80 MB used.

Virtual space:
  Non-class space:       64.00 MB reserved,      63.12 MB ( 99%) committed,  8 nodes.
      Class space:        1.00 GB reserved,      10.19 MB ( <1%) committed,  1 nodes.
             Both:        1.06 GB reserved,      73.31 MB (  7%) committed. 

Chunk freelists:
   Non-Class:  208.00 KB
       Class:  1.67 MB
        Both:  1.88 MB

MaxMetaspaceSize: unlimited
CompressedClassSpaceSize: 1.00 GB
Initial GC threshold: 21.00 MB
Current GC threshold: 105.44 MB
CDS: on
MetaspaceReclaimPolicy: balanced
 - commit_granule_bytes: 65536.
 - commit_granule_words: 8192.
 - virtual_space_node_default_size: 1048576.
 - enlarge_chunks_in_place: 1.
 - new_chunks_are_fully_committed: 0.
 - uncommit_free_chunks: 1.
 - use_allocation_guard: 0.
 - handle_deallocations: 1.


Internal statistics:

num_allocs_failed_limit: 3.
num_arena_births: 704.
num_arena_deaths: 0.
num_vsnodes_births: 9.
num_vsnodes_deaths: 0.
num_space_committed: 1173.
num_space_uncommitted: 0.
num_chunks_returned_to_freelist: 3.
num_chunks_taken_from_freelist: 3432.
num_chunk_merges: 3.
num_chunk_splits: 2485.
num_chunks_enlarged: 1978.
num_purges: 0.
num_inconsistent_stats: 0.

CodeHeap 'non-profiled nmethods': size=120000Kb used=4395Kb max_used=4475Kb free=115604Kb
 bounds [0x0000018c2ce90000, 0x0000018c2d330000, 0x0000018c343c0000]
CodeHeap 'profiled nmethods': size=120000Kb used=11890Kb max_used=11890Kb free=108109Kb
 bounds [0x0000018c25960000, 0x0000018c26500000, 0x0000018c2ce90000]
CodeHeap 'non-nmethods': size=5760Kb used=1323Kb max_used=1369Kb free=4436Kb
 bounds [0x0000018c253c0000, 0x0000018c25630000, 0x0000018c25960000]
 total_blobs=6585 nmethods=5924 adapters=574
 compilation: enabled
              stopped_count=0, restarted_count=0
 full_count=0

Compilation events (20 events):
Event: 216.726 Thread 0x0000018c38bc8770 7102       1       io.micrometer.core.instrument.Meter$Id::getName (5 bytes)
Event: 216.727 Thread 0x0000018c38bc8770 nmethod 7102 0x0000018c2d0b2110 code [0x0000018c2d0b22a0, 0x0000018c2d0b2378]
Event: 216.727 Thread 0x0000018c38bc8770 7103       1       io.micrometer.core.instrument.Meter$Id::syntheticAssociation (5 bytes)
Event: 216.727 Thread 0x0000018c38bc8770 nmethod 7103 0x0000018c2d0b1e10 code [0x0000018c2d0b1fa0, 0x0000018c2d0b2078]
Event: 216.759 Thread 0x0000018c38bc8770 7104       1       io.micrometer.core.instrument.Tags::access$100 (5 bytes)
Event: 216.759 Thread 0x0000018c38bc8770 nmethod 7104 0x0000018c2d0b1990 code [0x0000018c2d0b1b20, 0x0000018c2d0b1bd8]
Event: 216.767 Thread 0x0000018c38bc8770 7106       2       io.micrometer.core.instrument.Tags::hashCode (37 bytes)
Event: 216.769 Thread 0x0000018c38bc8770 nmethod 7106 0x0000018c264fbc10 code [0x0000018c264fbdc0, 0x0000018c264fc038]
Event: 216.769 Thread 0x0000018c38bc8770 7105       2       io.micrometer.core.instrument.Meter$Id::hashCode (23 bytes)
Event: 216.770 Thread 0x0000018c38bc8770 nmethod 7105 0x0000018c264fc290 code [0x0000018c264fc440, 0x0000018c264fc5b8]
Event: 216.789 Thread 0x0000018c38bc8770 7107       2       io.micrometer.core.instrument.config.MeterFilter::map (2 bytes)
Event: 216.789 Thread 0x0000018c38bc8770 nmethod 7107 0x0000018c264fc710 code [0x0000018c264fc8a0, 0x0000018c264fc9b8]
Event: 217.069 Thread 0x0000018c38bc8770 7110       2       java.lang.invoke.MethodHandleStatics::traceLambdaForm (96 bytes)
Event: 217.070 Thread 0x0000018c38bc8770 nmethod 7110 0x0000018c26001d90 code [0x0000018c26001f20, 0x0000018c26001ff8]
Event: 217.256 Thread 0x0000018c38bc8770 7118       2       java.time.format.DateTimePrintContext::getValue (36 bytes)
Event: 217.258 Thread 0x0000018c38bc8770 nmethod 7118 0x0000018c264fca90 code [0x0000018c264fcc60, 0x0000018c264fce28]
Event: 217.258 Thread 0x0000018c38bc8770 7119       2       java.time.ZonedDateTime::getLong (79 bytes)
Event: 217.262 Thread 0x0000018c38bc8770 nmethod 7119 0x0000018c264fcf10 code [0x0000018c264fd0e0, 0x0000018c264fd3a8]
Event: 217.326 Thread 0x0000018c38bc8770 7120       2       org.springframework.beans.factory.InjectionPoint::<init> (47 bytes)
Event: 217.328 Thread 0x0000018c38bc8770 nmethod 7120 0x0000018c264fd510 code [0x0000018c264fd6c0, 0x0000018c264fd9c8]

GC Heap History (20 events):
Event: 164.888 GC heap before
{Heap before GC invocations=38 (full 0):
 garbage-first heap   total 66560K, used 38004K [0x00000000d1200000, 0x0000000100000000)
  region size 1024K, 3 young (3072K), 2 survivors (2048K)
 Metaspace       used 54068K, committed 54592K, reserved 1097728K
  class space    used 7057K, committed 7296K, reserved 1048576K
}
Event: 164.929 GC heap after
{Heap after GC invocations=39 (full 0):
 garbage-first heap   total 66560K, used 36672K [0x00000000d1200000, 0x0000000100000000)
  region size 1024K, 1 young (1024K), 1 survivors (1024K)
 Metaspace       used 54068K, committed 54592K, reserved 1097728K
  class space    used 7057K, committed 7296K, reserved 1048576K
}
Event: 168.542 GC heap before
{Heap before GC invocations=39 (full 0):
 garbage-first heap   total 66560K, used 54080K [0x00000000d1200000, 0x0000000100000000)
  region size 1024K, 18 young (18432K), 1 survivors (1024K)
 Metaspace       used 58863K, committed 59328K, reserved 1105920K
  class space    used 7802K, committed 8064K, reserved 1048576K
}
Event: 168.562 GC heap after
{Heap after GC invocations=40 (full 0):
 garbage-first heap   total 66560K, used 37228K [0x00000000d1200000, 0x0000000100000000)
  region size 1024K, 1 young (1024K), 1 survivors (1024K)
 Metaspace       used 58863K, committed 59328K, reserved 1105920K
  class space    used 7802K, committed 8064K, reserved 1048576K
}
Event: 173.353 GC heap before
{Heap before GC invocations=41 (full 0):
 garbage-first heap   total 66560K, used 54636K [0x00000000d1200000, 0x0000000100000000)
  region size 1024K, 18 young (18432K), 1 survivors (1024K)
 Metaspace       used 63099K, committed 63552K, reserved 1105920K
  class space    used 8540K, committed 8768K, reserved 1048576K
}
Event: 173.363 GC heap after
{Heap after GC invocations=42 (full 0):
 garbage-first heap   total 66560K, used 37778K [0x00000000d1200000, 0x0000000100000000)
  region size 1024K, 2 young (2048K), 2 survivors (2048K)
 Metaspace       used 63099K, committed 63552K, reserved 1105920K
  class space    used 8540K, committed 8768K, reserved 1048576K
}
Event: 173.578 GC heap before
{Heap before GC invocations=42 (full 0):
 garbage-first heap   total 66560K, used 38802K [0x00000000d1200000, 0x0000000100000000)
  region size 1024K, 3 young (3072K), 2 survivors (2048K)
 Metaspace       used 63281K, committed 63744K, reserved 1105920K
  class space    used 8578K, committed 8832K, reserved 1048576K
}
Event: 173.623 GC heap after
{Heap after GC invocations=43 (full 0):
 garbage-first heap   total 66560K, used 37676K [0x00000000d1200000, 0x0000000100000000)
  region size 1024K, 1 young (1024K), 1 survivors (1024K)
 Metaspace       used 63281K, committed 63744K, reserved 1105920K
  class space    used 8578K, committed 8832K, reserved 1048576K
}
Event: 176.139 GC heap before
{Heap before GC invocations=43 (full 0):
 garbage-first heap   total 66560K, used 54060K [0x00000000d1200000, 0x0000000100000000)
  region size 1024K, 18 young (18432K), 1 survivors (1024K)
 Metaspace       used 64150K, committed 64704K, reserved 1105920K
  class space    used 8700K, committed 8960K, reserved 1048576K
}
Event: 176.150 GC heap after
{Heap after GC invocations=44 (full 0):
 garbage-first heap   total 66560K, used 38519K [0x00000000d1200000, 0x0000000100000000)
  region size 1024K, 2 young (2048K), 2 survivors (2048K)
 Metaspace       used 64150K, committed 64704K, reserved 1105920K
  class space    used 8700K, committed 8960K, reserved 1048576K
}
Event: 178.967 GC heap before
{Heap before GC invocations=45 (full 0):
 garbage-first heap   total 70656K, used 54903K [0x00000000d1200000, 0x0000000100000000)
  region size 1024K, 18 young (18432K), 2 survivors (2048K)
 Metaspace       used 65784K, committed 66240K, reserved 1114112K
  class space    used 8872K, committed 9088K, reserved 1048576K
}
Event: 178.984 GC heap after
{Heap after GC invocations=46 (full 0):
 garbage-first heap   total 70656K, used 39574K [0x00000000d1200000, 0x0000000100000000)
  region size 1024K, 3 young (3072K), 3 survivors (3072K)
 Metaspace       used 65784K, committed 66240K, reserved 1114112K
  class space    used 8872K, committed 9088K, reserved 1048576K
}
Event: 179.071 GC heap before
{Heap before GC invocations=46 (full 0):
 garbage-first heap   total 70656K, used 40598K [0x00000000d1200000, 0x0000000100000000)
  region size 1024K, 4 young (4096K), 3 survivors (3072K)
 Metaspace       used 65822K, committed 66304K, reserved 1114112K
  class space    used 8877K, committed 9088K, reserved 1048576K
}
Event: 179.105 GC heap after
{Heap after GC invocations=47 (full 0):
 garbage-first heap   total 70656K, used 39512K [0x00000000d1200000, 0x0000000100000000)
  region size 1024K, 1 young (1024K), 1 survivors (1024K)
 Metaspace       used 65822K, committed 66304K, reserved 1114112K
  class space    used 8877K, committed 9088K, reserved 1048576K
}
Event: 183.434 GC heap before
{Heap before GC invocations=47 (full 0):
 garbage-first heap   total 70656K, used 57944K [0x00000000d1200000, 0x0000000100000000)
  region size 1024K, 19 young (19456K), 1 survivors (1024K)
 Metaspace       used 67632K, committed 68160K, reserved 1114112K
  class space    used 9162K, committed 9408K, reserved 1048576K
}
Event: 183.448 GC heap after
{Heap after GC invocations=48 (full 0):
 garbage-first heap   total 163840K, used 40133K [0x00000000d1200000, 0x0000000100000000)
  region size 1024K, 1 young (1024K), 1 survivors (1024K)
 Metaspace       used 67632K, committed 68160K, reserved 1114112K
  class space    used 9162K, committed 9408K, reserved 1048576K
}
Event: 196.337 GC heap before
{Heap before GC invocations=48 (full 0):
 garbage-first heap   total 163840K, used 129221K [0x00000000d1200000, 0x0000000100000000)
  region size 1024K, 88 young (90112K), 1 survivors (1024K)
 Metaspace       used 69825K, committed 70272K, reserved 1114112K
  class space    used 9457K, committed 9664K, reserved 1048576K
}
Event: 196.382 GC heap after
{Heap after GC invocations=49 (full 0):
 garbage-first heap   total 163840K, used 43962K [0x00000000d1200000, 0x0000000100000000)
  region size 1024K, 5 young (5120K), 5 survivors (5120K)
 Metaspace       used 69825K, committed 70272K, reserved 1114112K
  class space    used 9457K, committed 9664K, reserved 1048576K
}
Event: 207.862 GC heap before
{Heap before GC invocations=49 (full 0):
 garbage-first heap   total 163840K, used 129978K [0x00000000d1200000, 0x0000000100000000)
  region size 1024K, 89 young (91136K), 5 survivors (5120K)
 Metaspace       used 71918K, committed 72448K, reserved 1114112K
  class space    used 9798K, committed 10048K, reserved 1048576K
}
Event: 207.941 GC heap after
{Heap after GC invocations=50 (full 0):
 garbage-first heap   total 163840K, used 47058K [0x00000000d1200000, 0x0000000100000000)
  region size 1024K, 8 young (8192K), 8 survivors (8192K)
 Metaspace       used 71918K, committed 72448K, reserved 1114112K
  class space    used 9798K, committed 10048K, reserved 1048576K
}

Deoptimization events (20 events):
Event: 214.148 Thread 0x0000018c3a1ae8e0 Uncommon trap: trap_request=0xffffffc6 fr.pc=0x0000018c2d037d00 relative=0x0000000000000900
Event: 214.148 Thread 0x0000018c3a1ae8e0 Uncommon trap: reason=bimorphic_or_optimized_type_check action=maybe_recompile pc=0x0000018c2d037d00 method=org.springframework.core.SerializableTypeWrapper.unwrap(Ljava/lang/reflect/Type;)Ljava/lang/reflect/Type; @ 20 c2
Event: 214.148 Thread 0x0000018c3a1ae8e0 DEOPT PACKING pc=0x0000018c2d037d00 sp=0x0000001cfd4fce30
Event: 214.148 Thread 0x0000018c3a1ae8e0 DEOPT UNPACKING pc=0x0000018c2541239d sp=0x0000001cfd4fcdf8 mode 2
Event: 214.307 Thread 0x0000018c3a1ae8e0 DEOPT PACKING pc=0x0000018c261c6d08 sp=0x0000001cfd4fce70
Event: 214.307 Thread 0x0000018c3a1ae8e0 DEOPT UNPACKING pc=0x0000018c25412b24 sp=0x0000001cfd4fc410 mode 0
Event: 214.845 Thread 0x0000018c3a1ae8e0 Uncommon trap: trap_request=0xffffff45 fr.pc=0x0000018c2d24bc24 relative=0x00000000000036c4
Event: 214.845 Thread 0x0000018c3a1ae8e0 Uncommon trap: reason=unstable_if action=reinterpret pc=0x0000018c2d24bc24 method=org.springframework.core.annotation.AnnotationsScanner.processClassHierarchy(Ljava/lang/Object;[ILjava/lang/Class;Lorg/springframework/core/annotation/AnnotationsProcessor;Z
Event: 214.845 Thread 0x0000018c3a1ae8e0 DEOPT PACKING pc=0x0000018c2d24bc24 sp=0x0000001cfd4faf20
Event: 214.845 Thread 0x0000018c3a1ae8e0 DEOPT UNPACKING pc=0x0000018c2541239d sp=0x0000001cfd4fac70 mode 2
Event: 214.846 Thread 0x0000018c3a1ae8e0 Uncommon trap: trap_request=0xffffff45 fr.pc=0x0000018c2d126a38 relative=0x00000000000033d8
Event: 214.846 Thread 0x0000018c3a1ae8e0 Uncommon trap: reason=unstable_if action=reinterpret pc=0x0000018c2d126a38 method=org.springframework.core.annotation.AnnotationsScanner.processClassHierarchy(Ljava/lang/Object;[ILjava/lang/Class;Lorg/springframework/core/annotation/AnnotationsProcessor;Z
Event: 214.846 Thread 0x0000018c3a1ae8e0 DEOPT PACKING pc=0x0000018c2d126a38 sp=0x0000001cfd4fad20
Event: 214.846 Thread 0x0000018c3a1ae8e0 DEOPT UNPACKING pc=0x0000018c2541239d sp=0x0000001cfd4fad28 mode 2
Event: 215.471 Thread 0x0000018c3a1ae8e0 DEOPT PACKING pc=0x0000018c261c6d08 sp=0x0000001cfd4fcca0
Event: 215.471 Thread 0x0000018c3a1ae8e0 DEOPT UNPACKING pc=0x0000018c25412b24 sp=0x0000001cfd4fc240 mode 0
Event: 216.242 Thread 0x0000018c3a1ae8e0 Uncommon trap: trap_request=0xffffffde fr.pc=0x0000018c2d25bfdc relative=0x000000000000013c
Event: 216.242 Thread 0x0000018c3a1ae8e0 Uncommon trap: reason=class_check action=maybe_recompile pc=0x0000018c2d25bfdc method=java.lang.reflect.Method.equals(Ljava/lang/Object;)Z @ 1 c2
Event: 216.242 Thread 0x0000018c3a1ae8e0 DEOPT PACKING pc=0x0000018c2d25bfdc sp=0x0000001cfd4fd460
Event: 216.242 Thread 0x0000018c3a1ae8e0 DEOPT UNPACKING pc=0x0000018c2541239d sp=0x0000001cfd4fd3e8 mode 2

Classes unloaded (0 events):
No events

Classes redefined (0 events):
No events

Internal exceptions (20 events):
Event: 196.383 Thread 0x0000018c3a1ae8e0 Implicit null exception at 0x0000018c2cece3bb to 0x0000018c2cecef10
Event: 197.124 Thread 0x0000018c3a1ae8e0 Exception <a 'java/lang/NoSuchMethodError'{0x00000000daa95218}: 'java.lang.Object java.lang.invoke.DirectMethodHandle$Holder.invokeStatic(java.lang.Object, long, java.lang.Object)'> (0x00000000daa95218) 
thrown [s\open\src\hotspot\share\interpreter\linkResolver.cpp, line 759]
Event: 197.128 Thread 0x0000018c3a1ae8e0 Exception <a 'java/lang/NoSuchMethodError'{0x00000000daa9b420}: 'java.lang.Object java.lang.invoke.DirectMethodHandle$Holder.newInvokeSpecial(java.lang.Object, long)'> (0x00000000daa9b420) 
thrown [s\open\src\hotspot\share\interpreter\linkResolver.cpp, line 759]
Event: 197.149 Thread 0x0000018c3a1ae8e0 Exception <a 'java/lang/IncompatibleClassChangeError'{0x00000000daaa6078}: Found class java.lang.Object, but interface was expected> (0x00000000daaa6078) 
thrown [s\open\src\hotspot\share\interpreter\linkResolver.cpp, line 826]
Event: 197.372 Thread 0x0000018c3a1ae8e0 Exception <a 'java/lang/NoSuchMethodError'{0x00000000da988eb8}: 'double java.lang.invoke.DirectMethodHandle$Holder.invokeSpecial(java.lang.Object, java.lang.Object, java.lang.Object)'> (0x00000000da988eb8) 
thrown [s\open\src\hotspot\share\interpreter\linkResolver.cpp, line 759]
Event: 198.635 Thread 0x0000018c3a1ae8e0 Exception <a 'java/lang/IncompatibleClassChangeError'{0x00000000da127718}: Found class java.lang.Object, but interface was expected> (0x00000000da127718) 
thrown [s\open\src\hotspot\share\interpreter\linkResolver.cpp, line 826]
Event: 198.683 Thread 0x0000018c3a1ae8e0 Exception <a 'java/lang/NoSuchMethodError'{0x00000000da155cb8}: 'void java.lang.invoke.DirectMethodHandle$Holder.invokeStatic(java.lang.Object, long)'> (0x00000000da155cb8) 
thrown [s\open\src\hotspot\share\interpreter\linkResolver.cpp, line 759]
Event: 200.796 Thread 0x0000018c3a1ae8e0 Exception <a 'java/lang/NoSuchMethodError'{0x00000000d8e184e8}: 'java.lang.Object java.lang.invoke.DirectMethodHandle$Holder.newInvokeSpecial(java.lang.Object, java.lang.Object, java.lang.Object, java.lang.Object, java.lang.Object, java.lang.Object, java.lang.Object, java.lang.Object, java.lang.Object)'> (0x00000000d8e184e8) 
thrown [s\open\src\hotspot\share\interpreter\linkResolver.cpp, line 759]
Event: 200.798 Thread 0x0000018c3a1ae8e0 Exception <a 'java/lang/NoSuchMethodError'{0x00000000d8e1d1e0}: 'java.lang.Object java.lang.invoke.Invokers$Holder.linkToTargetMethod(java.lang.Object, java.lang.Object, java.lang.Object, java.lang.Object, java.lang.Object, java.lang.Object, java.lang.Object, java.lang.Object, java.lang.Object)'> (0x00000000d8e1d1e0) 
thrown [s\open\src\hotspot\share\interpreter\linkResolver.cpp, line 759]
Event: 202.813 Thread 0x0000018c3a1ae8e0 Implicit null exception at 0x0000018c2d28486c to 0x0000018c2d284914
Event: 208.111 Thread 0x0000018c39985700 Exception <a 'java/lang/NoSuchMethodError'{0x00000000db19fa38}: 'long java.lang.invoke.DirectMethodHandle$Holder.invokeStatic(java.lang.Object, java.lang.Object, java.lang.Object)'> (0x00000000db19fa38) 
thrown [s\open\src\hotspot\share\interpreter\linkResolver.cpp, line 759]
Event: 208.468 Thread 0x0000018c3a1ae8e0 Implicit null exception at 0x0000018c2d03e83a to 0x0000018c2d03ea20
Event: 211.881 Thread 0x0000018c3a1ae8e0 Exception <a 'java/net/BindException'{0x00000000d8fff678}: Address already in use: bind> (0x00000000d8fff678) 
thrown [s\open\src\hotspot\share\prims\jni.cpp, line 535]
Event: 211.881 Thread 0x0000018c3a1ae8e0 Exception <a 'java/net/SocketException'{0x00000000d8fffc58}: Socket is not connected: shutdown> (0x00000000d8fffc58) 
thrown [s\open\src\hotspot\share\prims\jni.cpp, line 535]
Event: 216.664 Thread 0x0000018c3a1ae8e0 Exception <a 'java/lang/NoSuchMethodError'{0x00000000d71c5c28}: 'void java.lang.invoke.DirectMethodHandle$Holder.invokeStatic(java.lang.Object, java.lang.Object, double)'> (0x00000000d71c5c28) 
thrown [s\open\src\hotspot\share\interpreter\linkResolver.cpp, line 759]
Event: 217.011 Thread 0x0000018c3a1ae8e0 Exception <a 'java/lang/IncompatibleClassChangeError'{0x00000000d7098118}: Found class java.lang.Object, but interface was expected> (0x00000000d7098118) 
thrown [s\open\src\hotspot\share\interpreter\linkResolver.cpp, line 826]
Event: 217.072 Thread 0x0000018c3a1ae8e0 Exception <a 'java/lang/NoSuchMethodError'{0x00000000d70b2080}: 'java.lang.Object java.lang.invoke.DirectMethodHandle$Holder.newInvokeSpecial(java.lang.Object, java.lang.Object, int, java.lang.Object, java.lang.Object)'> (0x00000000d70b2080) 
thrown [s\open\src\hotspot\share\interpreter\linkResolver.cpp, line 759]
Event: 217.079 Thread 0x0000018c3a1ae8e0 Exception <a 'java/lang/NoSuchMethodError'{0x00000000d70bd6e8}: 'java.lang.Object java.lang.invoke.DirectMethodHandle$Holder.invokeSpecial(java.lang.Object, java.lang.Object, int, java.lang.Object, int, java.lang.Object)'> (0x00000000d70bd6e8) 
thrown [s\open\src\hotspot\share\interpreter\linkResolver.cpp, line 759]
Event: 217.084 Thread 0x0000018c3a1ae8e0 Exception <a 'java/lang/NoSuchMethodError'{0x00000000d70c5798}: 'java.lang.Object java.lang.invoke.DirectMethodHandle$Holder.newInvokeSpecial(java.lang.Object, java.lang.Object, int, java.lang.Object, int)'> (0x00000000d70c5798) 
thrown [s\open\src\hotspot\share\interpreter\linkResolver.cpp, line 759]
Event: 217.086 Thread 0x0000018c3a1ae8e0 Exception <a 'java/lang/NoSuchMethodError'{0x00000000d70c9898}: 'java.lang.Object java.lang.invoke.DirectMethodHandle$Holder.invokeSpecial(java.lang.Object, java.lang.Object, java.lang.Object, int, java.lang.Object, int)'> (0x00000000d70c9898) 
thrown [s\open\src\hotspot\share\interpreter\linkResolver.cpp, line 759]

VM Operations (20 events):
Event: 209.949 Executing VM operation: Cleanup
Event: 209.949 Executing VM operation: Cleanup done
Event: 210.961 Executing VM operation: Cleanup
Event: 210.962 Executing VM operation: Cleanup done
Event: 211.962 Executing VM operation: Cleanup
Event: 211.963 Executing VM operation: Cleanup done
Event: 212.967 Executing VM operation: Cleanup
Event: 212.967 Executing VM operation: Cleanup done
Event: 213.982 Executing VM operation: Cleanup
Event: 213.982 Executing VM operation: Cleanup done
Event: 214.984 Executing VM operation: Cleanup
Event: 214.987 Executing VM operation: Cleanup done
Event: 215.991 Executing VM operation: Cleanup
Event: 215.991 Executing VM operation: Cleanup done
Event: 216.787 Executing VM operation: HandshakeAllThreads
Event: 216.788 Executing VM operation: HandshakeAllThreads done
Event: 217.003 Executing VM operation: HandshakeAllThreads
Event: 217.003 Executing VM operation: HandshakeAllThreads done
Event: 217.003 Executing VM operation: Cleanup
Event: 217.003 Executing VM operation: Cleanup done

Events (20 events):
Event: 216.696 loading class sun/nio/ch/FileChannelImpl$2
Event: 216.697 loading class sun/nio/ch/FileChannelImpl$2 done
Event: 216.699 loading class sun/management/ManagementFactoryHelper$1
Event: 216.701 loading class sun/management/ManagementFactoryHelper$1 done
Event: 216.727 loading class com/sun/management/internal/HotSpotThreadImpl
Event: 216.728 loading class com/sun/management/ThreadMXBean
Event: 216.735 loading class com/sun/management/ThreadMXBean done
Event: 216.735 loading class sun/management/ThreadImpl
Event: 216.737 loading class sun/management/ThreadImpl done
Event: 216.737 loading class com/sun/management/internal/HotSpotThreadImpl done
Event: 216.759 loading class java/lang/management/ClassLoadingMXBean
Event: 216.759 loading class java/lang/management/ClassLoadingMXBean done
Event: 216.762 loading class sun/management/ClassLoadingImpl
Event: 216.762 loading class sun/management/ClassLoadingImpl done
Event: 216.777 loading class java/lang/management/CompilationMXBean
Event: 216.777 loading class java/lang/management/CompilationMXBean done
Event: 216.777 loading class sun/management/VMManagementImpl$1
Event: 216.778 loading class sun/management/VMManagementImpl$1 done
Event: 216.779 loading class sun/management/CompilationImpl
Event: 216.781 loading class sun/management/CompilationImpl done


Dynamic libraries:
0x00007ff6d78f0000 - 0x00007ff6d7900000 	C:\Program Files\Java\jdk-17.0.5\bin\javaw.exe
0x00007fffda2d0000 - 0x00007fffda4c8000 	C:\WINDOWS\SYSTEM32\ntdll.dll
0x00007fffd8320000 - 0x00007fffd83df000 	C:\WINDOWS\System32\KERNEL32.DLL
0x00007fffd7e60000 - 0x00007fffd8132000 	C:\WINDOWS\System32\KERNELBASE.dll
0x00007fffd8140000 - 0x00007fffd8240000 	C:\WINDOWS\System32\ucrtbase.dll
0x00007fffbc310000 - 0x00007fffbc328000 	C:\Program Files\Java\jdk-17.0.5\bin\jli.dll
0x00007fffd95c0000 - 0x00007fffd966e000 	C:\WINDOWS\System32\ADVAPI32.dll
0x00007fffda0e0000 - 0x00007fffda17e000 	C:\WINDOWS\System32\msvcrt.dll
0x00007fffda040000 - 0x00007fffda0dc000 	C:\WINDOWS\System32\sechost.dll
0x00007fffd9460000 - 0x00007fffd9585000 	C:\WINDOWS\System32\RPCRT4.dll
0x00007fffd8b30000 - 0x00007fffd8cd1000 	C:\WINDOWS\System32\USER32.dll
0x00007fffd8240000 - 0x00007fffd8262000 	C:\WINDOWS\System32\win32u.dll
0x00007fffd9590000 - 0x00007fffd95bb000 	C:\WINDOWS\System32\GDI32.dll
0x00007fffd7ca0000 - 0x00007fffd7daf000 	C:\WINDOWS\System32\gdi32full.dll
0x00007fffd8270000 - 0x00007fffd830d000 	C:\WINDOWS\System32\msvcp_win.dll
0x00007fffb7a60000 - 0x00007fffb7a7a000 	C:\Program Files\Java\jdk-17.0.5\bin\VCRUNTIME140.dll
0x00007fffc8490000 - 0x00007fffc872a000 	C:\WINDOWS\WinSxS\amd64_microsoft.windows.common-controls_6595b64144ccf1df_6.0.19041.1110_none_60b5254171f9507e\COMCTL32.dll
0x00007fffd14b0000 - 0x00007fffd14ba000 	C:\WINDOWS\SYSTEM32\VERSION.dll
0x00007fffda250000 - 0x00007fffda282000 	C:\WINDOWS\System32\IMM32.DLL
0x00007fffd2ab0000 - 0x00007fffd2abc000 	C:\Program Files\Java\jdk-17.0.5\bin\vcruntime140_1.dll
0x00007fffb0d30000 - 0x00007fffb0dbd000 	C:\Program Files\Java\jdk-17.0.5\bin\msvcp140.dll
0x00007fff96d50000 - 0x00007fff97912000 	C:\Program Files\Java\jdk-17.0.5\bin\server\jvm.dll
0x00007fffd8310000 - 0x00007fffd8318000 	C:\WINDOWS\System32\PSAPI.DLL
0x00007fffc5800000 - 0x00007fffc5809000 	C:\WINDOWS\SYSTEM32\WSOCK32.dll
0x00007fffda180000 - 0x00007fffda1eb000 	C:\WINDOWS\System32\WS2_32.dll
0x00007fffcf640000 - 0x00007fffcf667000 	C:\WINDOWS\SYSTEM32\WINMM.dll
0x00007fffd5840000 - 0x00007fffd5852000 	C:\WINDOWS\SYSTEM32\kernel.appcore.dll
0x00007fffc8460000 - 0x00007fffc846a000 	C:\Program Files\Java\jdk-17.0.5\bin\jimage.dll
0x00007fffc7360000 - 0x00007fffc7544000 	C:\WINDOWS\SYSTEM32\DBGHELP.DLL
0x00007fffc6f30000 - 0x00007fffc6f65000 	C:\WINDOWS\SYSTEM32\dbgcore.DLL
0x00007fffd7b90000 - 0x00007fffd7c12000 	C:\WINDOWS\System32\bcryptPrimitives.dll
0x00007fffb1210000 - 0x00007fffb1235000 	C:\Program Files\Java\jdk-17.0.5\bin\java.dll
0x00007fffb07d0000 - 0x00007fffb08a6000 	C:\Program Files\Java\jdk-17.0.5\bin\jsvml.dll
0x00007fffd83e0000 - 0x00007fffd8b25000 	C:\WINDOWS\System32\SHELL32.dll
0x00007fffd5a40000 - 0x00007fffd61d2000 	C:\WINDOWS\SYSTEM32\windows.storage.dll
0x00007fffd8e10000 - 0x00007fffd9165000 	C:\WINDOWS\System32\combase.dll
0x00007fffd7260000 - 0x00007fffd7290000 	C:\WINDOWS\SYSTEM32\Wldp.dll
0x00007fffd9260000 - 0x00007fffd930d000 	C:\WINDOWS\System32\SHCORE.dll
0x00007fffda1f0000 - 0x00007fffda245000 	C:\WINDOWS\System32\shlwapi.dll
0x00007fffd7900000 - 0x00007fffd791f000 	C:\WINDOWS\SYSTEM32\profapi.dll
0x00007fffb7470000 - 0x00007fffb7489000 	C:\Program Files\Java\jdk-17.0.5\bin\net.dll
0x00007fffd0ec0000 - 0x00007fffd0fcc000 	C:\WINDOWS\SYSTEM32\WINHTTP.dll
0x00007fffd7040000 - 0x00007fffd70aa000 	C:\WINDOWS\system32\mswsock.dll
0x00007fffb58e0000 - 0x00007fffb58f6000 	C:\Program Files\Java\jdk-17.0.5\bin\nio.dll
0x00007fffb57e0000 - 0x00007fffb57f8000 	C:\Program Files\Java\jdk-17.0.5\bin\zip.dll
0x00007fffc7880000 - 0x00007fffc7889000 	C:\Program Files\Java\jdk-17.0.5\bin\management.dll
0x00007fffc7860000 - 0x00007fffc786b000 	C:\Program Files\Java\jdk-17.0.5\bin\management_ext.dll
0x00007fffd6d50000 - 0x00007fffd6d8b000 	C:\WINDOWS\SYSTEM32\IPHLPAPI.DLL
0x00007fffd9170000 - 0x00007fffd9178000 	C:\WINDOWS\System32\NSI.dll
0x00007fffd18d0000 - 0x00007fffd18e7000 	C:\WINDOWS\SYSTEM32\dhcpcsvc6.DLL
0x00007fffd18b0000 - 0x00007fffd18cd000 	C:\WINDOWS\SYSTEM32\dhcpcsvc.DLL
0x00007fffd6d90000 - 0x00007fffd6e5b000 	C:\WINDOWS\SYSTEM32\DNSAPI.dll
0x00007fffd0b00000 - 0x00007fffd0b0a000 	C:\Windows\System32\rasadhlp.dll
0x00007fffce930000 - 0x00007fffce9b0000 	C:\WINDOWS\System32\fwpuclnt.dll
0x00007fffd7c70000 - 0x00007fffd7c97000 	C:\WINDOWS\System32\bcrypt.dll
0x00007fffc83c0000 - 0x00007fffc83d0000 	C:\Program Files\Java\jdk-17.0.5\bin\verify.dll
0x00007fffd7610000 - 0x00007fffd7628000 	C:\WINDOWS\SYSTEM32\CRYPTSP.dll
0x00007fffd6980000 - 0x00007fffd69b4000 	C:\WINDOWS\system32\rsaenh.dll
0x00007fffd78c0000 - 0x00007fffd78ee000 	C:\WINDOWS\SYSTEM32\USERENV.dll
0x00007fffd71d0000 - 0x00007fffd71dc000 	C:\WINDOWS\SYSTEM32\CRYPTBASE.dll
0x00007fffc8340000 - 0x00007fffc834e000 	C:\Program Files\Java\jdk-17.0.5\bin\sunmscapi.dll
0x00007fffd7a30000 - 0x00007fffd7b86000 	C:\WINDOWS\System32\CRYPT32.dll
0x00007fffd72d0000 - 0x00007fffd72f7000 	C:\WINDOWS\SYSTEM32\ncrypt.dll
0x00007fffd7290000 - 0x00007fffd72cb000 	C:\WINDOWS\SYSTEM32\NTASN1.dll

dbghelp: loaded successfully - version: 4.0.5 - missing functions: none
symbol engine: initialized successfully - sym options: 0x614 - pdb path: .;C:\Program Files\Java\jdk-17.0.5\bin;C:\WINDOWS\SYSTEM32;C:\WINDOWS\WinSxS\amd64_microsoft.windows.common-controls_6595b64144ccf1df_6.0.19041.1110_none_60b5254171f9507e;C:\Program Files\Java\jdk-17.0.5\bin\server

VM Arguments:
jvm_args: -Dfile.encoding=UTF-8 -XX:+ShowCodeDetailsInExceptionMessages 
java_command: com.in28minutes.microservices.currencyexchangeservice.CurrencyExchangeServiceApplication
java_class_path (initial): C:\MyJavaLearning\in28minutesMicroservicescourse\currency-exchange-service\currency-exchange-service\target\classes;C:\Users\PC\.m2\repository\org\springframework\boot\spring-boot-starter-actuator\3.0.2\spring-boot-starter-actuator-3.0.2.jar;C:\Users\PC\.m2\repository\org\springframework\boot\spring-boot-starter\3.0.2\spring-boot-starter-3.0.2.jar;C:\Users\PC\.m2\repository\org\springframework\boot\spring-boot-starter-logging\3.0.2\spring-boot-starter-logging-3.0.2.jar;C:\Users\PC\.m2\repository\ch\qos\logback\logback-classic\1.4.5\logback-classic-1.4.5.jar;C:\Users\PC\.m2\repository\ch\qos\logback\logback-core\1.4.5\logback-core-1.4.5.jar;C:\Users\PC\.m2\repository\org\apache\logging\log4j\log4j-to-slf4j\2.19.0\log4j-to-slf4j-2.19.0.jar;C:\Users\PC\.m2\repository\org\apache\logging\log4j\log4j-api\2.19.0\log4j-api-2.19.0.jar;C:\Users\PC\.m2\repository\org\slf4j\jul-to-slf4j\2.0.6\jul-to-slf4j-2.0.6.jar;C:\Users\PC\.m2\repository\jakarta\annotation\jakarta.annotation-api\2.1.1\jakarta.annotation-api-2.1.1.jar;C:\Users\PC\.m2\repository\org\yaml\snakeyaml\1.33\snakeyaml-1.33.jar;C:\Users\PC\.m2\repository\org\springframework\boot\spring-boot-actuator-autoconfigure\3.0.2\spring-boot-actuator-autoconfigure-3.0.2.jar;C:\Users\PC\.m2\repository\org\springframework\boot\spring-boot-actuator\3.0.2\spring-boot-actuator-3.0.2.jar;C:\Users\PC\.m2\repository\com\fasterxml\jackson\datatype\jackson-datatype-jsr310\2.14.1\jackson-datatype-jsr310-2.14.1.jar;C:\Users\PC\.m2\repository\io\micrometer\micrometer-core\1.10.3\micrometer-core-1.10.3.jar;C:\Users\PC\.m2\repository\org\hdrhistogram\HdrHistogram\2.1.12\HdrHistogram-2.1.12.jar;C:\Users\PC\.m2\repository\org\latencyutils\LatencyUtils\2.0.3\LatencyUtils-2.0.3.jar;C:\Users\PC\.m2\repository\org\springframework\boot\spring-boot-starter-aop\3.0.2\spring-boot-starter-aop-3.0.2.jar;C:\Users\PC\.m2\repository\org\springframework\spring-aop\6.0.4\spring-aop-6.0.4.jar;C:\Users\PC\.m2\repository\org\springf
Launcher Type: SUN_STANDARD

[Global flags]
     intx CICompilerCount                          = 3                                         {product} {ergonomic}
     uint ConcGCThreads                            = 1                                         {product} {ergonomic}
     uint G1ConcRefinementThreads                  = 4                                         {product} {ergonomic}
   size_t G1HeapRegionSize                         = 1048576                                   {product} {ergonomic}
    uintx GCDrainStackTargetSize                   = 64                                        {product} {ergonomic}
   size_t InitialHeapSize                          = 50331648                                  {product} {ergonomic}
   size_t MarkStackSize                            = 4194304                                   {product} {ergonomic}
   size_t MaxHeapSize                              = 786432000                                 {product} {ergonomic}
   size_t MaxNewSize                               = 471859200                                 {product} {ergonomic}
   size_t MinHeapDeltaBytes                        = 1048576                                   {product} {ergonomic}
   size_t MinHeapSize                              = 8388608                                   {product} {ergonomic}
    uintx NonNMethodCodeHeapSize                   = 5832780                                {pd product} {ergonomic}
    uintx NonProfiledCodeHeapSize                  = 122912730                              {pd product} {ergonomic}
    uintx ProfiledCodeHeapSize                     = 122912730                              {pd product} {ergonomic}
    uintx ReservedCodeCacheSize                    = 251658240                              {pd product} {ergonomic}
     bool SegmentedCodeCache                       = true                                      {product} {ergonomic}
     bool ShowCodeDetailsInExceptionMessages       = true                                   {manageable} {command line}
   size_t SoftMaxHeapSize                          = 786432000                              {manageable} {ergonomic}
     bool UseCompressedClassPointers               = true                           {product lp64_product} {ergonomic}
     bool UseCompressedOops                        = true                           {product lp64_product} {ergonomic}
     bool UseG1GC                                  = true                                      {product} {ergonomic}
     bool UseLargePagesIndividualAllocation        = false                                  {pd product} {ergonomic}

Logging:
Log output configuration:
 #0: stdout all=warning uptime,level,tags
 #1: stderr all=off uptime,level,tags

Environment Variables:
JAVA_HOME=C:\Program Files\Amazon Corretto\jdk11.0.16_9
PATH=C:\Program Files\Common Files\Oracle\Java\javapath;C:\Program Files\Amazon Corretto\jdk11.0.16_9\bin;C:\Windows\system32;C:\Windows;C:\Windows\System32\Wbem;C:\Windows\System32\WindowsPowerShell\v1.0\;C:\Program Files (x86)\NVIDIA Corporation\PhysX\Common;C:\WINDOWS\system32;C:\WINDOWS;C:\WINDOWS\System32\Wbem;C:\WINDOWS\System32\WindowsPowerShell\v1.0\;C:\WINDOWS\System32\OpenSSH\;C:\Program Files\Java\jdk-17.0.5;C:\Program Files\Git\cmd;C:\Program Files\Docker\Docker\resources\bin;C:\Users\PC\AppData\Local\Microsoft\WindowsApps;;C:\Users\PC\AppData\Local\Programs\Microsoft VS Code\bin
USERNAME=PC
OS=Windows_NT
PROCESSOR_IDENTIFIER=Intel64 Family 6 Model 37 Stepping 5, GenuineIntel



---------------  S Y S T E M  ---------------

OS:
 Windows 10 , 64 bit Build 19041 (10.0.19041.2546)
OS uptime: 4 days 18:41 hours
Hyper-V role detected

CPU: total 4 (initial active 4) (2 cores per cpu, 2 threads per core) family 6 model 37 stepping 5 microcode 0x7, cx8, cmov, fxsr, ht, mmx, sse, sse2, sse3, ssse3, sse4.1, sse4.2, popcnt, tsc, tscinvbit, clflush, hv

Memory: 4k page, system-wide physical 2998M (82M free)
TotalPageFile size 12214M (AvailPageFile size 4M)
current process WorkingSet (physical memory assigned to process): 237M, peak: 254M
current process commit charge ("private bytes"): 395M, peak: 398M

vm_info: Java HotSpot(TM) 64-Bit Server VM (17.0.5+9-LTS-191) for windows-amd64 JRE (17.0.5+9-LTS-191), built on Sep 13 2022 17:31:43 by "mach5one" with MS VC++ 16.8 / 16.9 (VS2019)

END.
